

Microchip MPLAB XC8 Assembler V2.31 build 20201012212115 
                                                                                               Thu Feb 25 22:08:42 2021

Microchip MPLAB XC8 C Compiler v2.31 (Free license) build 20201012212115 Og1 
     1                           	processor	18F27Q43
     2                           	fnconf	rparam,??,?,0
     3                           	pagewidth 120
     4                           	opt	flic
     5                           	psect	cinit,global,reloc=2,class=CODE,delta=1
     6                           	psect	bssCOMRAM,global,class=COMRAM,space=1,delta=1,lowdata,noexec
     7                           	psect	cstackCOMRAM,global,class=COMRAM,space=1,delta=1,lowdata,noexec
     8                           	psect	text0,global,reloc=2,class=CODE,delta=1
     9                           	psect	text1,global,reloc=2,class=CODE,delta=1
    10                           	psect	text2,global,reloc=2,class=CODE,delta=1
    11                           	psect	text3,global,reloc=2,class=CODE,delta=1
    12                           	psect	text4,global,reloc=2,class=CODE,delta=1
    13                           	psect	text5,global,reloc=2,class=CODE,delta=1
    14                           	psect	text6,global,reloc=2,class=CODE,delta=1
    15                           	psect	intsave_regs,global,class=BIGRAM,space=1,delta=1,noexec
    16                           	psect	rparam,global,class=COMRAM,space=1,delta=1,noexec
    17                           	psect	idloc,global,abs,ovrld,class=IDLOC,space=5,delta=1,noexec
    18                           	psect	config,global,abs,ovrld,class=CONFIG,space=4,delta=1,noexec
    19  0000                     
    20                           ; Version 2.30
    21                           ; Generated 20/08/2020 GMT
    22                           ; 
    23                           ; Copyright © 2020, Microchip Technology Inc. and its subsidiaries ("Microchip")
    24                           ; All rights reserved.
    25                           ; 
    26                           ; This software is developed by Microchip Technology Inc. and its subsidiaries ("Microch
      +                          ip").
    27                           ; 
    28                           ; Redistribution and use in source and binary forms, with or without modification, are
    29                           ; permitted provided that the following conditions are met:
    30                           ; 
    31                           ;     1. Redistributions of source code must retain the above copyright notice, this lis
      +                          t of
    32                           ;        conditions and the following disclaimer.
    33                           ; 
    34                           ;     2. Redistributions in binary form must reproduce the above copyright notice, this 
      +                          list
    35                           ;        of conditions and the following disclaimer in the documentation and/or other
    36                           ;        materials provided with the distribution. Publication is not required when
    37                           ;        this file is used in an embedded application.
    38                           ; 
    39                           ;     3. Microchip's name may not be used to endorse or promote products derived from th
      +                          is
    40                           ;        software without specific prior written permission.
    41                           ; 
    42                           ; THIS SOFTWARE IS PROVIDED BY MICROCHIP "AS IS" AND ANY EXPRESS OR IMPLIED WARRANTIES,
    43                           ; INCLUDING, BUT NOT LIMITED TO, THE IMPLIED WARRANTIES OF MERCHANTABILITY AND FITNESS F
      +                          OR
    44                           ; PURPOSE ARE DISCLAIMED.  IN NO EVENT SHALL MICROCHIP BE LIABLE FOR ANY DIRECT, INDIREC
      +                          T,
    45                           ; INCIDENTAL, SPECIAL, EXEMPLARY, OR CONSEQUENTIAL DAMAGES (INCLUDING BUT NOT LIMITED TO
    46                           ; PROCUREMENT OF SUBSTITUTE GOODS OR SERVICES; LOSS OF USE, DATA OR PROFITS; OR BUSINESS
    47                           ; INTERRUPTION) HOWSOEVER CAUSED AND ON ANY THEORY OF LIABILITY, WHETHER IN CONTRACT, ST
      +                          RICT
    48                           ; LIABILITY, OR TORT (INCLUDING NEGLIGENCE OR OTHERWISE) ARISING IN ANY WAY OUT OF THE U
      +                          SE OF
    49                           ; THIS SOFTWARE, EVEN IF ADVISED OF THE POSSIBILITY OF SUCH DAMAGE.
    50                           ; 
    51                           ; 
    52                           ; Code-generator required, PIC18F27Q43 Definitions
    53                           ; 
    54                           ; SFR Addresses
    55  0000                     _ANSELB	set	1032
    56  0000                     _ANSELA	set	1024
    57  0000                     _LATA	set	1214
    58  0000                     _TRISB	set	1223
    59  0000                     _TRISA	set	1222
    60  0000                     _PORTB	set	1231
    61  0000                     _PORTA	set	1230
    62  0000                     _RB5	set	9853
    63  0000                     _RA7	set	9847
    64                           
    65                           ; #config settings
    66                           
    67                           	psect	cinit
    68  01FF4E                     __pcinit:
    69                           	callstack 0
    70  01FF4E                     start_initialization:
    71                           	callstack 0
    72  01FF4E                     __initialization:
    73                           	callstack 0
    74                           
    75                           ; Clear objects allocated to COMRAM (17 bytes)
    76  01FF4E  EE01  F101         	lfsr	0,__pbssCOMRAM
    77  01FF52  0E11               	movlw	17
    78  01FF54                     clear_0:
    79  01FF54  6AEE               	clrf	postinc0,c
    80  01FF56  06E8               	decf	wreg,f,c
    81  01FF58  E1FD               	bnz	clear_0
    82  01FF5A                     end_of_initialization:
    83                           	callstack 0
    84  01FF5A                     __end_of__initialization:
    85                           	callstack 0
    86  01FF5A  0100               	movlb	0
    87  01FF5C  EFD0  F0FF         	goto	_main	;jump to C main() function
    88                           
    89                           	psect	bssCOMRAM
    90  000501                     __pbssCOMRAM:
    91                           	callstack 0
    92  000501                     UserAppRun@u32Counter:
    93                           	callstack 0
    94  000501                     	ds	4
    95  000505                     _G_u32SystemFlags:
    96                           	callstack 0
    97  000505                     	ds	4
    98  000509                     _G_u32SystemTime1s:
    99                           	callstack 0
   100  000509                     	ds	4
   101  00050D                     _G_u32SystemTime1ms:
   102                           	callstack 0
   103  00050D                     	ds	4
   104  000511                     _G_u8UserAppFlags:
   105                           	callstack 0
   106  000511                     	ds	1
   107                           
   108                           	psect	cstackCOMRAM
   109  000512                     __pcstackCOMRAM:
   110                           	callstack 0
   111  000512                     ??_UserAppRun:
   112  000512                     
   113                           ; 1 bytes @ 0x0
   114  000512                     	ds	2
   115  000514                     
   116                           ; 1 bytes @ 0x2
   117 ;;
   118 ;;Main: autosize = 0, tempsize = 0, incstack = 0, save=0
   119 ;;
   120 ;; *************** function _main *****************
   121 ;; Defined at:
   122 ;;		line 35 in file "../main.c"
   123 ;; Parameters:    Size  Location     Type
   124 ;;		None
   125 ;; Auto vars:     Size  Location     Type
   126 ;;		None
   127 ;; Return value:  Size  Location     Type
   128 ;;                  1    wreg      void 
   129 ;; Registers used:
   130 ;;		wreg, status,2, status,0, cstack
   131 ;; Tracked objects:
   132 ;;		On entry : 0/0
   133 ;;		On exit  : 0/0
   134 ;;		Unchanged: 0/0
   135 ;; Data sizes:     COMRAM   BANK5   BANK6   BANK7   BANK8   BANK9  BANK10  BANK11  BANK12  BANK13  BANK14  BANK15  BANK1
      +6  BANK17  BANK18  BANK19  BANK20  BANK21  BANK22  BANK23  BANK24  BANK25  BANK26  BANK27  BANK28  BANK29  BANK30  BANK3
      +1  BANK32  BANK33  BANK34  BANK35  BANK36  BANK37
   136 ;;      Params:         0       0       0       0       0       0       0       0       0       0       0       0       
      +0       0       0       0       0       0       0       0       0       0       0       0       0       0       0       
      +0       0       0       0       0       0       0
   137 ;;      Locals:         0       0       0       0       0       0       0       0       0       0       0       0       
      +0       0       0       0       0       0       0       0       0       0       0       0       0       0       0       
      +0       0       0       0       0       0       0
   138 ;;      Temps:          0       0       0       0       0       0       0       0       0       0       0       0       
      +0       0       0       0       0       0       0       0       0       0       0       0       0       0       0       
      +0       0       0       0       0       0       0
   139 ;;      Totals:         0       0       0       0       0       0       0       0       0       0       0       0       
      +0       0       0       0       0       0       0       0       0       0       0       0       0       0       0       
      +0       0       0       0       0       0       0
   140 ;;Total ram usage:        0 bytes
   141 ;; Hardware stack levels required when called:    1
   142 ;; This function calls:
   143 ;;		_ClockSetup
   144 ;;		_GpioSetup
   145 ;;		_SysTickSetup
   146 ;;		_SystemSleep
   147 ;;		_UserAppInitialize
   148 ;;		_UserAppRun
   149 ;; This function is called by:
   150 ;;		Startup code after reset
   151 ;; This function uses a non-reentrant model
   152 ;;
   153                           
   154                           	psect	text0
   155  01FFA0                     __ptext0:
   156                           	callstack 0
   157  01FFA0                     _main:
   158                           	callstack 127
   159  01FFA0                     
   160                           ;../main.c: 37:   G_u32SystemFlags |= (u32)0x80000000;
   161  01FFA0  8E08               	bsf	(_G_u32SystemFlags+3)^(0+1280),7,c	;volatile
   162  01FFA2                     
   163                           ;../main.c: 40:   ClockSetup();
   164  01FFA2  ECA4  F0FF         	call	_ClockSetup	;wreg free
   165  01FFA6                     
   166                           ;../main.c: 41:   SysTickSetup();
   167  01FFA6  ECBF  F0FF         	call	_SysTickSetup	;wreg free
   168  01FFAA                     
   169                           ;../main.c: 42:   GpioSetup();
   170  01FFAA  ECB0  F0FF         	call	_GpioSetup	;wreg free
   171  01FFAE                     
   172                           ;../main.c: 47:   UserAppInitialize();
   173  01FFAE  ECA6  F0FF         	call	_UserAppInitialize	;wreg free
   174  01FFB2                     l787:
   175                           
   176                           ;../main.c: 53:   {;../main.c: 57:     UserAppRun();
   177  01FFB2  ECE1  F0FF         	call	_UserAppRun	;wreg free
   178  01FFB6                     
   179                           ;../main.c: 62:     SystemSleep();
   180  01FFB6  ECA5  F0FF         	call	_SystemSleep	;wreg free
   181  01FFBA  EFD9  F0FF         	goto	l787
   182  01FFBE  EFFE  F0FF         	goto	start
   183  01FFC2                     __end_of_main:
   184                           	callstack 0
   185                           
   186 ;; *************** function _UserAppRun *****************
   187 ;; Defined at:
   188 ;;		line 96 in file "../user_app.c"
   189 ;; Parameters:    Size  Location     Type
   190 ;;		None
   191 ;; Auto vars:     Size  Location     Type
   192 ;;		None
   193 ;; Return value:  Size  Location     Type
   194 ;;                  1    wreg      void 
   195 ;; Registers used:
   196 ;;		wreg, status,2, status,0
   197 ;; Tracked objects:
   198 ;;		On entry : 0/0
   199 ;;		On exit  : 0/0
   200 ;;		Unchanged: 0/0
   201 ;; Data sizes:     COMRAM   BANK5   BANK6   BANK7   BANK8   BANK9  BANK10  BANK11  BANK12  BANK13  BANK14  BANK15  BANK1
      +6  BANK17  BANK18  BANK19  BANK20  BANK21  BANK22  BANK23  BANK24  BANK25  BANK26  BANK27  BANK28  BANK29  BANK30  BANK3
      +1  BANK32  BANK33  BANK34  BANK35  BANK36  BANK37
   202 ;;      Params:         0       0       0       0       0       0       0       0       0       0       0       0       
      +0       0       0       0       0       0       0       0       0       0       0       0       0       0       0       
      +0       0       0       0       0       0       0
   203 ;;      Locals:         0       0       0       0       0       0       0       0       0       0       0       0       
      +0       0       0       0       0       0       0       0       0       0       0       0       0       0       0       
      +0       0       0       0       0       0       0
   204 ;;      Temps:          2       0       0       0       0       0       0       0       0       0       0       0       
      +0       0       0       0       0       0       0       0       0       0       0       0       0       0       0       
      +0       0       0       0       0       0       0
   205 ;;      Totals:         2       0       0       0       0       0       0       0       0       0       0       0       
      +0       0       0       0       0       0       0       0       0       0       0       0       0       0       0       
      +0       0       0       0       0       0       0
   206 ;;Total ram usage:        2 bytes
   207 ;; Hardware stack levels used:    1
   208 ;; This function calls:
   209 ;;		Nothing
   210 ;; This function is called by:
   211 ;;		_main
   212 ;; This function uses a non-reentrant model
   213 ;;
   214                           
   215                           	psect	text1
   216  01FFC2                     __ptext1:
   217                           	callstack 0
   218  01FFC2                     _UserAppRun:
   219                           	callstack 127
   220  01FFC2                     
   221                           ;../user_app.c: 98:    static u32 u32Counter=0x00;;../user_app.c: 101:    if(RB5==1)
   222  01FFC2  AACF               	btfss	1231,5,c	;volatile
   223  01FFC4  EFE6  F0FF         	goto	u11
   224  01FFC8  EFE8  F0FF         	goto	u10
   225  01FFCC                     u11:
   226  01FFCC  EFFD  F0FF         	goto	l73
   227  01FFD0                     u10:
   228  01FFD0                     
   229                           ;../user_app.c: 102:    {;../user_app.c: 103:       u32Counter++;
   230  01FFD0  0E01               	movlw	1
   231  01FFD2  2601               	addwf	UserAppRun@u32Counter^(0+1280),f,c
   232  01FFD4  0E00               	movlw	0
   233  01FFD6  2202               	addwfc	(UserAppRun@u32Counter+1)^(0+1280),f,c
   234  01FFD8  2203               	addwfc	(UserAppRun@u32Counter+2)^(0+1280),f,c
   235  01FFDA  2204               	addwfc	(UserAppRun@u32Counter+3)^(0+1280),f,c
   236                           
   237                           ;../user_app.c: 104:       LATA=LATA^u32Counter;
   238  01FFDC  50BE               	movf	190,w,c
   239  01FFDE  1801               	xorwf	UserAppRun@u32Counter^(0+1280),w,c
   240  01FFE0  6EBE               	movwf	190,c	;volatile
   241  01FFE2                     
   242                           ;../user_app.c: 105:       _delay((unsigned long)((250)*(64000000/4000.0)));
   243  01FFE2  0E15               	movlw	21
   244  01FFE4  6E13               	movwf	(??_UserAppRun+1)^(0+1280),c
   245  01FFE6  0E4B               	movlw	75
   246  01FFE8  6E12               	movwf	??_UserAppRun^(0+1280),c
   247  01FFEA  0EBE               	movlw	190
   248  01FFEC                     u27:
   249  01FFEC  2EE8               	decfsz	wreg,f,c
   250  01FFEE  D7FE               	bra	u27
   251  01FFF0  2E12               	decfsz	??_UserAppRun^(0+1280),f,c
   252  01FFF2  D7FC               	bra	u27
   253  01FFF4  2E13               	decfsz	(??_UserAppRun+1)^(0+1280),f,c
   254  01FFF6  D7FA               	bra	u27
   255  01FFF8  D000               	nop2	
   256  01FFFA                     l73:
   257  01FFFA  0012               	return		;funcret
   258  01FFFC                     __end_of_UserAppRun:
   259                           	callstack 0
   260                           
   261 ;; *************** function _UserAppInitialize *****************
   262 ;; Defined at:
   263 ;;		line 76 in file "../user_app.c"
   264 ;; Parameters:    Size  Location     Type
   265 ;;		None
   266 ;; Auto vars:     Size  Location     Type
   267 ;;		None
   268 ;; Return value:  Size  Location     Type
   269 ;;                  1    wreg      void 
   270 ;; Registers used:
   271 ;;		None
   272 ;; Tracked objects:
   273 ;;		On entry : 0/0
   274 ;;		On exit  : 0/0
   275 ;;		Unchanged: 0/0
   276 ;; Data sizes:     COMRAM   BANK5   BANK6   BANK7   BANK8   BANK9  BANK10  BANK11  BANK12  BANK13  BANK14  BANK15  BANK1
      +6  BANK17  BANK18  BANK19  BANK20  BANK21  BANK22  BANK23  BANK24  BANK25  BANK26  BANK27  BANK28  BANK29  BANK30  BANK3
      +1  BANK32  BANK33  BANK34  BANK35  BANK36  BANK37
   277 ;;      Params:         0       0       0       0       0       0       0       0       0       0       0       0       
      +0       0       0       0       0       0       0       0       0       0       0       0       0       0       0       
      +0       0       0       0       0       0       0
   278 ;;      Locals:         0       0       0       0       0       0       0       0       0       0       0       0       
      +0       0       0       0       0       0       0       0       0       0       0       0       0       0       0       
      +0       0       0       0       0       0       0
   279 ;;      Temps:          0       0       0       0       0       0       0       0       0       0       0       0       
      +0       0       0       0       0       0       0       0       0       0       0       0       0       0       0       
      +0       0       0       0       0       0       0
   280 ;;      Totals:         0       0       0       0       0       0       0       0       0       0       0       0       
      +0       0       0       0       0       0       0       0       0       0       0       0       0       0       0       
      +0       0       0       0       0       0       0
   281 ;;Total ram usage:        0 bytes
   282 ;; Hardware stack levels used:    1
   283 ;; This function calls:
   284 ;;		Nothing
   285 ;; This function is called by:
   286 ;;		_main
   287 ;; This function uses a non-reentrant model
   288 ;;
   289                           
   290                           	psect	text2
   291  01FF4C                     __ptext2:
   292                           	callstack 0
   293  01FF4C                     _UserAppInitialize:
   294                           	callstack 127
   295  01FF4C  0012               	return		;funcret
   296  01FF4E                     __end_of_UserAppInitialize:
   297                           	callstack 0
   298                           
   299 ;; *************** function _SystemSleep *****************
   300 ;; Defined at:
   301 ;;		line 138 in file "../encm369_pic18.c"
   302 ;; Parameters:    Size  Location     Type
   303 ;;		None
   304 ;; Auto vars:     Size  Location     Type
   305 ;;		None
   306 ;; Return value:  Size  Location     Type
   307 ;;                  1    wreg      void 
   308 ;; Registers used:
   309 ;;		None
   310 ;; Tracked objects:
   311 ;;		On entry : 0/0
   312 ;;		On exit  : 0/0
   313 ;;		Unchanged: 0/0
   314 ;; Data sizes:     COMRAM   BANK5   BANK6   BANK7   BANK8   BANK9  BANK10  BANK11  BANK12  BANK13  BANK14  BANK15  BANK1
      +6  BANK17  BANK18  BANK19  BANK20  BANK21  BANK22  BANK23  BANK24  BANK25  BANK26  BANK27  BANK28  BANK29  BANK30  BANK3
      +1  BANK32  BANK33  BANK34  BANK35  BANK36  BANK37
   315 ;;      Params:         0       0       0       0       0       0       0       0       0       0       0       0       
      +0       0       0       0       0       0       0       0       0       0       0       0       0       0       0       
      +0       0       0       0       0       0       0
   316 ;;      Locals:         0       0       0       0       0       0       0       0       0       0       0       0       
      +0       0       0       0       0       0       0       0       0       0       0       0       0       0       0       
      +0       0       0       0       0       0       0
   317 ;;      Temps:          0       0       0       0       0       0       0       0       0       0       0       0       
      +0       0       0       0       0       0       0       0       0       0       0       0       0       0       0       
      +0       0       0       0       0       0       0
   318 ;;      Totals:         0       0       0       0       0       0       0       0       0       0       0       0       
      +0       0       0       0       0       0       0       0       0       0       0       0       0       0       0       
      +0       0       0       0       0       0       0
   319 ;;Total ram usage:        0 bytes
   320 ;; Hardware stack levels used:    1
   321 ;; This function calls:
   322 ;;		Nothing
   323 ;; This function is called by:
   324 ;;		_main
   325 ;; This function uses a non-reentrant model
   326 ;;
   327                           
   328                           	psect	text3
   329  01FF4A                     __ptext3:
   330                           	callstack 0
   331  01FF4A                     _SystemSleep:
   332                           	callstack 127
   333  01FF4A  0012               	return		;funcret
   334  01FF4C                     __end_of_SystemSleep:
   335                           	callstack 0
   336                           
   337 ;; *************** function _SysTickSetup *****************
   338 ;; Defined at:
   339 ;;		line 116 in file "../encm369_pic18.c"
   340 ;; Parameters:    Size  Location     Type
   341 ;;		None
   342 ;; Auto vars:     Size  Location     Type
   343 ;;		None
   344 ;; Return value:  Size  Location     Type
   345 ;;                  1    wreg      void 
   346 ;; Registers used:
   347 ;;		wreg, status,2
   348 ;; Tracked objects:
   349 ;;		On entry : 0/0
   350 ;;		On exit  : 0/0
   351 ;;		Unchanged: 0/0
   352 ;; Data sizes:     COMRAM   BANK5   BANK6   BANK7   BANK8   BANK9  BANK10  BANK11  BANK12  BANK13  BANK14  BANK15  BANK1
      +6  BANK17  BANK18  BANK19  BANK20  BANK21  BANK22  BANK23  BANK24  BANK25  BANK26  BANK27  BANK28  BANK29  BANK30  BANK3
      +1  BANK32  BANK33  BANK34  BANK35  BANK36  BANK37
   353 ;;      Params:         0       0       0       0       0       0       0       0       0       0       0       0       
      +0       0       0       0       0       0       0       0       0       0       0       0       0       0       0       
      +0       0       0       0       0       0       0
   354 ;;      Locals:         0       0       0       0       0       0       0       0       0       0       0       0       
      +0       0       0       0       0       0       0       0       0       0       0       0       0       0       0       
      +0       0       0       0       0       0       0
   355 ;;      Temps:          0       0       0       0       0       0       0       0       0       0       0       0       
      +0       0       0       0       0       0       0       0       0       0       0       0       0       0       0       
      +0       0       0       0       0       0       0
   356 ;;      Totals:         0       0       0       0       0       0       0       0       0       0       0       0       
      +0       0       0       0       0       0       0       0       0       0       0       0       0       0       0       
      +0       0       0       0       0       0       0
   357 ;;Total ram usage:        0 bytes
   358 ;; Hardware stack levels used:    1
   359 ;; This function calls:
   360 ;;		Nothing
   361 ;; This function is called by:
   362 ;;		_main
   363 ;; This function uses a non-reentrant model
   364 ;;
   365                           
   366                           	psect	text4
   367  01FF7E                     __ptext4:
   368                           	callstack 0
   369  01FF7E                     _SysTickSetup:
   370                           	callstack 127
   371  01FF7E                     
   372                           ;../encm369_pic18.c: 118:   G_u32SystemTime1ms = 0;
   373  01FF7E  0E00               	movlw	0
   374  01FF80  6E0D               	movwf	_G_u32SystemTime1ms^(0+1280),c	;volatile
   375  01FF82  0E00               	movlw	0
   376  01FF84  6E0E               	movwf	(_G_u32SystemTime1ms+1)^(0+1280),c	;volatile
   377  01FF86  0E00               	movlw	0
   378  01FF88  6E0F               	movwf	(_G_u32SystemTime1ms+2)^(0+1280),c	;volatile
   379  01FF8A  0E00               	movlw	0
   380  01FF8C  6E10               	movwf	(_G_u32SystemTime1ms+3)^(0+1280),c	;volatile
   381                           
   382                           ;../encm369_pic18.c: 119:   G_u32SystemTime1s = 0;
   383  01FF8E  0E00               	movlw	0
   384  01FF90  6E09               	movwf	_G_u32SystemTime1s^(0+1280),c	;volatile
   385  01FF92  0E00               	movlw	0
   386  01FF94  6E0A               	movwf	(_G_u32SystemTime1s+1)^(0+1280),c	;volatile
   387  01FF96  0E00               	movlw	0
   388  01FF98  6E0B               	movwf	(_G_u32SystemTime1s+2)^(0+1280),c	;volatile
   389  01FF9A  0E00               	movlw	0
   390  01FF9C  6E0C               	movwf	(_G_u32SystemTime1s+3)^(0+1280),c	;volatile
   391  01FF9E  0012               	return		;funcret
   392  01FFA0                     __end_of_SysTickSetup:
   393                           	callstack 0
   394                           
   395 ;; *************** function _GpioSetup *****************
   396 ;; Defined at:
   397 ;;		line 89 in file "../encm369_pic18.c"
   398 ;; Parameters:    Size  Location     Type
   399 ;;		None
   400 ;; Auto vars:     Size  Location     Type
   401 ;;		None
   402 ;; Return value:  Size  Location     Type
   403 ;;                  1    wreg      void 
   404 ;; Registers used:
   405 ;;		wreg, status,2
   406 ;; Tracked objects:
   407 ;;		On entry : 0/0
   408 ;;		On exit  : 0/0
   409 ;;		Unchanged: 0/0
   410 ;; Data sizes:     COMRAM   BANK5   BANK6   BANK7   BANK8   BANK9  BANK10  BANK11  BANK12  BANK13  BANK14  BANK15  BANK1
      +6  BANK17  BANK18  BANK19  BANK20  BANK21  BANK22  BANK23  BANK24  BANK25  BANK26  BANK27  BANK28  BANK29  BANK30  BANK3
      +1  BANK32  BANK33  BANK34  BANK35  BANK36  BANK37
   411 ;;      Params:         0       0       0       0       0       0       0       0       0       0       0       0       
      +0       0       0       0       0       0       0       0       0       0       0       0       0       0       0       
      +0       0       0       0       0       0       0
   412 ;;      Locals:         0       0       0       0       0       0       0       0       0       0       0       0       
      +0       0       0       0       0       0       0       0       0       0       0       0       0       0       0       
      +0       0       0       0       0       0       0
   413 ;;      Temps:          0       0       0       0       0       0       0       0       0       0       0       0       
      +0       0       0       0       0       0       0       0       0       0       0       0       0       0       0       
      +0       0       0       0       0       0       0
   414 ;;      Totals:         0       0       0       0       0       0       0       0       0       0       0       0       
      +0       0       0       0       0       0       0       0       0       0       0       0       0       0       0       
      +0       0       0       0       0       0       0
   415 ;;Total ram usage:        0 bytes
   416 ;; Hardware stack levels used:    1
   417 ;; This function calls:
   418 ;;		Nothing
   419 ;; This function is called by:
   420 ;;		_main
   421 ;; This function uses a non-reentrant model
   422 ;;
   423                           
   424                           	psect	text5
   425  01FF60                     __ptext5:
   426                           	callstack 0
   427  01FF60                     _GpioSetup:
   428                           	callstack 127
   429  01FF60                     
   430                           ;../encm369_pic18.c: 92:     PORTA=0x00;
   431  01FF60  0E00               	movlw	0
   432  01FF62  6ECE               	movwf	206,c	;volatile
   433                           
   434                           ;../encm369_pic18.c: 93:     PORTB=0x00;
   435  01FF64  0E00               	movlw	0
   436  01FF66  6ECF               	movwf	207,c	;volatile
   437                           
   438                           ;../encm369_pic18.c: 94:     TRISA=0;
   439  01FF68  0E00               	movlw	0
   440  01FF6A  6EC6               	movwf	198,c	;volatile
   441                           
   442                           ;../encm369_pic18.c: 95:     TRISB=0x30;
   443  01FF6C  0E30               	movlw	48
   444  01FF6E  6EC7               	movwf	199,c	;volatile
   445                           
   446                           ;../encm369_pic18.c: 96:     ANSELA=0;
   447  01FF70  0E00               	movlw	0
   448  01FF72  0104               	movlb	4	; () banked
   449  01FF74  6F00               	movwf	0,b	;volatile
   450                           
   451                           ;../encm369_pic18.c: 97:     ANSELB=0;
   452  01FF76  0E00               	movlw	0
   453  01FF78  6F08               	movwf	8,b	;volatile
   454  01FF7A                     
   455                           ; BSR set to: 4
   456                           ;../encm369_pic18.c: 98:     RA7=1;
   457  01FF7A  8ECE               	bsf	1230,7,c	;volatile
   458  01FF7C                     
   459                           ; BSR set to: 4
   460  01FF7C  0012               	return		;funcret
   461  01FF7E                     __end_of_GpioSetup:
   462                           	callstack 0
   463                           
   464 ;; *************** function _ClockSetup *****************
   465 ;; Defined at:
   466 ;;		line 70 in file "../encm369_pic18.c"
   467 ;; Parameters:    Size  Location     Type
   468 ;;		None
   469 ;; Auto vars:     Size  Location     Type
   470 ;;		None
   471 ;; Return value:  Size  Location     Type
   472 ;;                  1    wreg      void 
   473 ;; Registers used:
   474 ;;		None
   475 ;; Tracked objects:
   476 ;;		On entry : 0/0
   477 ;;		On exit  : 0/0
   478 ;;		Unchanged: 0/0
   479 ;; Data sizes:     COMRAM   BANK5   BANK6   BANK7   BANK8   BANK9  BANK10  BANK11  BANK12  BANK13  BANK14  BANK15  BANK1
      +6  BANK17  BANK18  BANK19  BANK20  BANK21  BANK22  BANK23  BANK24  BANK25  BANK26  BANK27  BANK28  BANK29  BANK30  BANK3
      +1  BANK32  BANK33  BANK34  BANK35  BANK36  BANK37
   480 ;;      Params:         0       0       0       0       0       0       0       0       0       0       0       0       
      +0       0       0       0       0       0       0       0       0       0       0       0       0       0       0       
      +0       0       0       0       0       0       0
   481 ;;      Locals:         0       0       0       0       0       0       0       0       0       0       0       0       
      +0       0       0       0       0       0       0       0       0       0       0       0       0       0       0       
      +0       0       0       0       0       0       0
   482 ;;      Temps:          0       0       0       0       0       0       0       0       0       0       0       0       
      +0       0       0       0       0       0       0       0       0       0       0       0       0       0       0       
      +0       0       0       0       0       0       0
   483 ;;      Totals:         0       0       0       0       0       0       0       0       0       0       0       0       
      +0       0       0       0       0       0       0       0       0       0       0       0       0       0       0       
      +0       0       0       0       0       0       0
   484 ;;Total ram usage:        0 bytes
   485 ;; Hardware stack levels used:    1
   486 ;; This function calls:
   487 ;;		Nothing
   488 ;; This function is called by:
   489 ;;		_main
   490 ;; This function uses a non-reentrant model
   491 ;;
   492                           
   493                           	psect	text6
   494  01FF48                     __ptext6:
   495                           	callstack 0
   496  01FF48                     _ClockSetup:
   497                           	callstack 127
   498  01FF48  0012               	return		;funcret
   499  01FF4A                     __end_of_ClockSetup:
   500                           	callstack 0
   501  0000                     
   502                           	psect	rparam
   503  0000                     
   504                           	psect	idloc
   505                           
   506                           ;Config register IDLOC0 @ 0x200000
   507                           ;	unspecified, using default values
   508  200000                     	org	2097152
   509  200000  0FFF               	dw	4095
   510                           
   511                           ;Config register IDLOC1 @ 0x200002
   512                           ;	unspecified, using default values
   513  200002                     	org	2097154
   514  200002  0FFF               	dw	4095
   515                           
   516                           ;Config register IDLOC2 @ 0x200004
   517                           ;	unspecified, using default values
   518  200004                     	org	2097156
   519  200004  0FFF               	dw	4095
   520                           
   521                           ;Config register IDLOC3 @ 0x200006
   522                           ;	unspecified, using default values
   523  200006                     	org	2097158
   524  200006  0FFF               	dw	4095
   525                           
   526                           ;Config register IDLOC4 @ 0x200008
   527                           ;	unspecified, using default values
   528  200008                     	org	2097160
   529  200008  0FFF               	dw	4095
   530                           
   531                           ;Config register IDLOC5 @ 0x20000A
   532                           ;	unspecified, using default values
   533  20000A                     	org	2097162
   534  20000A  0FFF               	dw	4095
   535                           
   536                           ;Config register IDLOC6 @ 0x20000C
   537                           ;	unspecified, using default values
   538  20000C                     	org	2097164
   539  20000C  0FFF               	dw	4095
   540                           
   541                           ;Config register IDLOC7 @ 0x20000E
   542                           ;	unspecified, using default values
   543  20000E                     	org	2097166
   544  20000E  0FFF               	dw	4095
   545                           
   546                           ;Config register IDLOC8 @ 0x200010
   547                           ;	unspecified, using default values
   548  200010                     	org	2097168
   549  200010  0FFF               	dw	4095
   550                           
   551                           ;Config register IDLOC9 @ 0x200012
   552                           ;	unspecified, using default values
   553  200012                     	org	2097170
   554  200012  0FFF               	dw	4095
   555                           
   556                           ;Config register IDLOC10 @ 0x200014
   557                           ;	unspecified, using default values
   558  200014                     	org	2097172
   559  200014  0FFF               	dw	4095
   560                           
   561                           ;Config register IDLOC11 @ 0x200016
   562                           ;	unspecified, using default values
   563  200016                     	org	2097174
   564  200016  0FFF               	dw	4095
   565                           
   566                           ;Config register IDLOC12 @ 0x200018
   567                           ;	unspecified, using default values
   568  200018                     	org	2097176
   569  200018  0FFF               	dw	4095
   570                           
   571                           ;Config register IDLOC13 @ 0x20001A
   572                           ;	unspecified, using default values
   573  20001A                     	org	2097178
   574  20001A  0FFF               	dw	4095
   575                           
   576                           ;Config register IDLOC14 @ 0x20001C
   577                           ;	unspecified, using default values
   578  20001C                     	org	2097180
   579  20001C  0FFF               	dw	4095
   580                           
   581                           ;Config register IDLOC15 @ 0x20001E
   582                           ;	unspecified, using default values
   583  20001E                     	org	2097182
   584  20001E  0FFF               	dw	4095
   585                           
   586                           	psect	config
   587                           
   588                           ;Config register CONFIG1 @ 0x300000
   589                           ;	External Oscillator Selection
   590                           ;	FEXTOSC = OFF, Oscillator not enabled
   591                           ;	Reset Oscillator Selection
   592                           ;	RSTOSC = HFINTOSC_64MHZ, HFINTOSC with HFFRQ = 64 MHz and CDIV = 1:1
   593  300000                     	org	3145728
   594  300000  8C                 	db	140
   595                           
   596                           ;Config register CONFIG2 @ 0x300001
   597                           ;	Clock out Enable bit
   598                           ;	CLKOUTEN = ON, CLKOUT function is enabled
   599                           ;	PRLOCKED One-Way Set Enable bit
   600                           ;	PR1WAY = ON, PRLOCKED bit can be cleared and set only once
   601                           ;	Clock Switch Enable bit
   602                           ;	CSWEN = ON, Writing to NOSC and NDIV is allowed
   603                           ;	Fail-Safe Clock Monitor Enable bit
   604                           ;	FCMEN = ON, Fail-Safe Clock Monitor enabled
   605  300001                     	org	3145729
   606  300001  FE                 	db	254
   607                           
   608                           ;Config register CONFIG3 @ 0x300002
   609                           ;	MCLR Enable bit
   610                           ;	MCLRE = EXTMCLR, If LVP = 0, MCLR pin is MCLR; If LVP = 1, RE3 pin function is MCLR
   611                           ;	Power-up timer selection bits
   612                           ;	PWRTS = PWRT_OFF, PWRT is disabled
   613                           ;	Multi-vector enable bit
   614                           ;	MVECEN = ON, Multi-vector enabled, Vector table used for interrupts
   615                           ;	IVTLOCK bit One-way set enable bit
   616                           ;	IVT1WAY = ON, IVTLOCKED bit can be cleared and set only once
   617                           ;	Low Power BOR Enable bit
   618                           ;	LPBOREN = OFF, Low-Power BOR disabled
   619                           ;	Brown-out Reset Enable bits
   620                           ;	BOREN = SBORDIS, Brown-out Reset enabled , SBOREN bit is ignored
   621  300002                     	org	3145730
   622  300002  FF                 	db	255
   623                           
   624                           ;Config register CONFIG4 @ 0x300003
   625                           ;	Brown-out Reset Voltage Selection bits
   626                           ;	BORV = VBOR_2P85, Brown-out Reset Voltage (VBOR) set to 2.8V
   627                           ;	ZCD Disable bit
   628                           ;	ZCD = OFF, ZCD module is disabled. ZCD can be enabled by setting the ZCDSEN bit of ZCD
      +                          CON
   629                           ;	PPSLOCK bit One-Way Set Enable bit
   630                           ;	PPS1WAY = ON, PPSLOCKED bit can be cleared and set only once; PPS registers remain loc
      +                          ked after one clear/set cycle
   631                           ;	Stack Full/Underflow Reset Enable bit
   632                           ;	STVREN = ON, Stack full/underflow will cause Reset
   633                           ;	Low Voltage Programming Enable bit
   634                           ;	LVP = ON, Low voltage programming enabled. MCLR/VPP pin function is MCLR. MCLRE config
      +                          uration bit is ignored
   635                           ;	Extended Instruction Set Enable bit
   636                           ;	XINST = OFF, Extended Instruction Set and Indexed Addressing Mode disabled
   637  300003                     	org	3145731
   638  300003  FC                 	db	252
   639                           
   640                           ;Config register CONFIG5 @ 0x300004
   641                           ;	WDT Period selection bits
   642                           ;	WDTCPS = WDTCPS_31, Divider ratio 1:65536; software control of WDTPS
   643                           ;	WDT operating mode
   644                           ;	WDTE = OFF, WDT Disabled; SWDTEN is ignored
   645  300004                     	org	3145732
   646  300004  9F                 	db	159
   647                           
   648                           ;Config register CONFIG6 @ 0x300005
   649                           ;	WDT Window Select bits
   650                           ;	WDTCWS = WDTCWS_7, window always open (100%); software control; keyed access not requi
      +                          red
   651                           ;	WDT input clock selector
   652                           ;	WDTCCS = SC, Software Control
   653  300005                     	org	3145733
   654  300005  FF                 	db	255
   655                           
   656                           ;Config register CONFIG7 @ 0x300006
   657                           ;	Boot Block Size selection bits
   658                           ;	BBSIZE = BBSIZE_512, Boot Block size is 512 words
   659                           ;	Boot Block enable bit
   660                           ;	BBEN = OFF, Boot block disabled
   661                           ;	Storage Area Flash enable bit
   662                           ;	SAFEN = OFF, SAF disabled
   663                           ;	Background Debugger
   664                           ;	DEBUG = OFF, Background Debugger disabled
   665  300006                     	org	3145734
   666  300006  FF                 	db	255
   667                           
   668                           ;Config register CONFIG8 @ 0x300007
   669                           ;	Boot Block Write Protection bit
   670                           ;	WRTB = OFF, Boot Block not Write protected
   671                           ;	Configuration Register Write Protection bit
   672                           ;	WRTC = OFF, Configuration registers not Write protected
   673                           ;	Data EEPROM Write Protection bit
   674                           ;	WRTD = OFF, Data EEPROM not Write protected
   675                           ;	SAF Write protection bit
   676                           ;	WRTSAF = OFF, SAF not Write Protected
   677                           ;	Application Block write protection bit
   678                           ;	WRTAPP = OFF, Application Block not write protected
   679  300007                     	org	3145735
   680  300007  FF                 	db	255
   681                           
   682                           ; Padding undefined space
   683  300008                     	org	3145736
   684  300008  FF                 	db	255
   685                           
   686                           ;Config register CONFIG10 @ 0x300009
   687                           ;	PFM and Data EEPROM Code Protection bit
   688                           ;	CP = OFF, PFM and Data EEPROM code protection disabled
   689  300009                     	org	3145737
   690  300009  FF                 	db	255
   691                           tosu	equ	0x4FF
   692                           tosh	equ	0x4FE
   693                           tosl	equ	0x4FD
   694                           stkptr	equ	0x4FC
   695                           pclatu	equ	0x4FB
   696                           pclath	equ	0x4FA
   697                           pcl	equ	0x4F9
   698                           tblptru	equ	0x4F8
   699                           tblptrh	equ	0x4F7
   700                           tblptrl	equ	0x4F6
   701                           tablat	equ	0x4F5
   702                           prodh	equ	0x4F4
   703                           prodl	equ	0x4F3
   704                           indf0	equ	0x4EF
   705                           postinc0	equ	0x4EE
   706                           postdec0	equ	0x4ED
   707                           preinc0	equ	0x4EC
   708                           plusw0	equ	0x4EB
   709                           fsr0h	equ	0x4EA
   710                           fsr0l	equ	0x4E9
   711                           wreg	equ	0x4E8
   712                           indf1	equ	0x4E7
   713                           postinc1	equ	0x4E6
   714                           postdec1	equ	0x4E5
   715                           preinc1	equ	0x4E4
   716                           plusw1	equ	0x4E3
   717                           fsr1h	equ	0x4E2
   718                           fsr1l	equ	0x4E1
   719                           bsr	equ	0x4E0
   720                           indf2	equ	0x4DF
   721                           postinc2	equ	0x4DE
   722                           postdec2	equ	0x4DD
   723                           preinc2	equ	0x4DC
   724                           plusw2	equ	0x4DB
   725                           fsr2h	equ	0x4DA
   726                           fsr2l	equ	0x4D9
   727                           status	equ	0x4D8

Data Sizes:
    Strings     0
    Constant    0
    Data        0
    BSS         17
    Persistent  0
    Stack       0

Auto Spaces:
    Space          Size  Autos    Used
    COMRAM           95      2      19
    BANK5           160      0       0
    BANK6           256      0       0
    BANK7           256      0       0
    BANK8           256      0       0
    BANK9           256      0       0
    BANK10          256      0       0
    BANK11          256      0       0
    BANK12          256      0       0
    BANK13          256      0       0
    BANK14          256      0       0
    BANK15          256      0       0
    BANK16          256      0       0
    BANK17          256      0       0
    BANK18          256      0       0
    BANK19          256      0       0
    BANK20          256      0       0
    BANK21          256      0       0
    BANK22          256      0       0
    BANK23          256      0       0
    BANK24          256      0       0
    BANK25          256      0       0
    BANK26          256      0       0
    BANK27          256      0       0
    BANK28          256      0       0
    BANK29          256      0       0
    BANK30          256      0       0
    BANK31          256      0       0
    BANK32          256      0       0
    BANK33          256      0       0
    BANK34          256      0       0
    BANK35          256      0       0
    BANK36          256      0       0
    BANK37          256      0       0

Pointer List with Targets:

    None.

Critical Paths under _main in COMRAM

    _main->_UserAppRun

Critical Paths under _main in BANK5

    None.

Critical Paths under _main in BANK6

    None.

Critical Paths under _main in BANK7

    None.

Critical Paths under _main in BANK8

    None.

Critical Paths under _main in BANK9

    None.

Critical Paths under _main in BANK10

    None.

Critical Paths under _main in BANK11

    None.

Critical Paths under _main in BANK12

    None.

Critical Paths under _main in BANK13

    None.

Critical Paths under _main in BANK14

    None.

Critical Paths under _main in BANK15

    None.

Critical Paths under _main in BANK16

    None.

Critical Paths under _main in BANK17

    None.

Critical Paths under _main in BANK18

    None.

Critical Paths under _main in BANK19

    None.

Critical Paths under _main in BANK20

    None.

Critical Paths under _main in BANK21

    None.

Critical Paths under _main in BANK22

    None.

Critical Paths under _main in BANK23

    None.

Critical Paths under _main in BANK24

    None.

Critical Paths under _main in BANK25

    None.

Critical Paths under _main in BANK26

    None.

Critical Paths under _main in BANK27

    None.

Critical Paths under _main in BANK28

    None.

Critical Paths under _main in BANK29

    None.

Critical Paths under _main in BANK30

    None.

Critical Paths under _main in BANK31

    None.

Critical Paths under _main in BANK32

    None.

Critical Paths under _main in BANK33

    None.

Critical Paths under _main in BANK34

    None.

Critical Paths under _main in BANK35

    None.

Critical Paths under _main in BANK36

    None.

Critical Paths under _main in BANK37

    None.

Call Graph Tables:

 ---------------------------------------------------------------------------------
 (Depth) Function   	        Calls       Base Space   Used Autos Params    Refs
 ---------------------------------------------------------------------------------
 (0) _main                                                 0     0      0       0
                         _ClockSetup
                          _GpioSetup
                       _SysTickSetup
                        _SystemSleep
                  _UserAppInitialize
                         _UserAppRun
 ---------------------------------------------------------------------------------
 (1) _UserAppRun                                           2     2      0       0
                                              0 COMRAM     2     2      0
 ---------------------------------------------------------------------------------
 (1) _UserAppInitialize                                    0     0      0       0
 ---------------------------------------------------------------------------------
 (1) _SystemSleep                                          0     0      0       0
 ---------------------------------------------------------------------------------
 (1) _SysTickSetup                                         0     0      0       0
 ---------------------------------------------------------------------------------
 (1) _GpioSetup                                            0     0      0       0
 ---------------------------------------------------------------------------------
 (1) _ClockSetup                                           0     0      0       0
 ---------------------------------------------------------------------------------
 Estimated maximum stack depth 1
 ---------------------------------------------------------------------------------

 Call Graph Graphs:

 _main (ROOT)
   _ClockSetup
   _GpioSetup
   _SysTickSetup
   _SystemSleep
   _UserAppInitialize
   _UserAppRun

 Address spaces:
Name               Size   Autos  Total    Cost      Usage
BIGRAM            20FF      0       0      71        0.0%
EEDATA             400      0       0       0        0.0%
BITBANK37          100      0       0      70        0.0%
BANK37             100      0       0      68        0.0%
BITBANK36          100      0       0      66        0.0%
BANK36             100      0       0      67        0.0%
BITBANK35          100      0       0      64        0.0%
BANK35             100      0       0      65        0.0%
BITBANK34          100      0       0      62        0.0%
BANK34             100      0       0      63        0.0%
BITBANK33          100      0       0      60        0.0%
BANK33             100      0       0      61        0.0%
BITBANK32          100      0       0      58        0.0%
BANK32             100      0       0      59        0.0%
BITBANK31          100      0       0      56        0.0%
BANK31             100      0       0      57        0.0%
BITBANK30          100      0       0      54        0.0%
BANK30             100      0       0      55        0.0%
BITBANK29          100      0       0      52        0.0%
BANK29             100      0       0      53        0.0%
BITBANK28          100      0       0      50        0.0%
BANK28             100      0       0      51        0.0%
BITBANK27          100      0       0      48        0.0%
BANK27             100      0       0      49        0.0%
BITBANK26          100      0       0      46        0.0%
BANK26             100      0       0      47        0.0%
BITBANK25          100      0       0      44        0.0%
BANK25             100      0       0      45        0.0%
BITBANK24          100      0       0      42        0.0%
BANK24             100      0       0      43        0.0%
BITBANK23          100      0       0      40        0.0%
BANK23             100      0       0      41        0.0%
BITBANK22          100      0       0      38        0.0%
BANK22             100      0       0      39        0.0%
BITBANK21          100      0       0      36        0.0%
BANK21             100      0       0      37        0.0%
BITBANK20          100      0       0      34        0.0%
BANK20             100      0       0      35        0.0%
BITBANK19          100      0       0      32        0.0%
BANK19             100      0       0      33        0.0%
BITBANK18          100      0       0      30        0.0%
BANK18             100      0       0      31        0.0%
BITBANK17          100      0       0      28        0.0%
BANK17             100      0       0      29        0.0%
BITBANK16          100      0       0      26        0.0%
BANK16             100      0       0      27        0.0%
BITBANK15          100      0       0      24        0.0%
BANK15             100      0       0      25        0.0%
BITBANK14          100      0       0      22        0.0%
BANK14             100      0       0      23        0.0%
BITBANK13          100      0       0      20        0.0%
BANK13             100      0       0      21        0.0%
BITBANK12          100      0       0      18        0.0%
BANK12             100      0       0      19        0.0%
BITBANK11          100      0       0      16        0.0%
BANK11             100      0       0      17        0.0%
BITBANK10          100      0       0      14        0.0%
BANK10             100      0       0      15        0.0%
BITBANK9           100      0       0      12        0.0%
BANK9              100      0       0      13        0.0%
BITBANK8           100      0       0      10        0.0%
BANK8              100      0       0      11        0.0%
BITBANK7           100      0       0       8        0.0%
BANK7              100      0       0       9        0.0%
BITBANK6           100      0       0       6        0.0%
BANK6              100      0       0       7        0.0%
BITBANK5            A0      0       0       4        0.0%
BANK5               A0      0       0       5        0.0%
BITCOMRAM           5F      0       0       0        0.0%
COMRAM              5F      2      13       1       20.0%
BITSFR_5             0      0       0     200        0.0%
SFR_5                0      0       0     200        0.0%
BITSFR_4             0      0       0     200        0.0%
SFR_4                0      0       0     200        0.0%
BITSFR_3             0      0       0     200        0.0%
SFR_3                0      0       0     200        0.0%
BITSFR_2             0      0       0     200        0.0%
SFR_2                0      0       0     200        0.0%
BITSFR_1             0      0       0     200        0.0%
SFR_1                0      0       0     200        0.0%
BITSFR               0      0       0     200        0.0%
SFR                  0      0       0     200        0.0%
STACK                0      0       0       2        0.0%
NULL                 0      0       0       0        0.0%
ABS                  0      0      13      69        0.0%
DATA                 0      0      13       3        0.0%
CODE                 0      0       0       0        0.0%


Microchip Technology PIC18 Macro Assembler V2.31 build 20201012212115 
Symbol Table                                                                                   Thu Feb 25 22:08:42 2021

     __size_of_SysTickSetup 0022                          l21 FF48                          l30 FF4A  
                        l24 FF7C                          l27 FF9E                          l73 FFFA  
                        l67 FF4C                          u10 FFD0                          u11 FFCC  
                        u27 FFEC                         l751 FF7A                         l755 FFC2  
                       l749 FF60                         l757 FFD0                         l781 FFA6  
                       l775 FF7E                         l759 FFE2                         l783 FFAA  
                       l785 FFAE                         l777 FFA0                         l787 FFB2  
                       l779 FFA2                         l789 FFB6                         _RA7 002677  
                       _RB5 00267D                         wreg 0004E8                        _LATA 0004BE  
                      _main FFA0                _SysTickSetup FF7E                        start FFFC  
      __size_of_SystemSleep 0002                ___param_bank 000000                  _ClockSetup FF48  
                     ?_main 0512                       _PORTA 0004CE                       _PORTB 0004CF  
                     _TRISA 0004C6                       _TRISB 0004C7             __initialization FF4E  
              __end_of_main FFC2                      ??_main 0514               __activetblptr 000000  
                    _ANSELA 000400                      _ANSELB 000408          __size_of_GpioSetup 001E  
               ?_ClockSetup 0512                      clear_0 FF54                  _UserAppRun FFC2  
                __accesstop 0560     __end_of__initialization FF5A               ___rparam_used 000001  
          _G_u8UserAppFlags 0511              __pcstackCOMRAM 0512           __end_of_GpioSetup FF7E  
       __size_of_ClockSetup 0002                 ?_UserAppRun 0512               ??_SystemSleep 0512  
                   __Hparam 0000                     __Lparam 0000                     __pcinit FF4E  
                   __ramtop 2600                     __ptext0 FFA0                     __ptext1 FFC2  
                   __ptext2 FF4C                     __ptext3 FF4A                     __ptext4 FF7E  
                   __ptext5 FF60                     __ptext6 FF48        end_of_initialization FF5A  
          _G_u32SystemFlags 0505                     postinc0 0004EE         __end_of_SystemSleep FF4C  
              ??_ClockSetup 0512         __size_of_UserAppRun 003A        UserAppRun@u32Counter 0501  
        __end_of_ClockSetup FF4A                   _GpioSetup FF60         start_initialization FF4E  
             ?_SysTickSetup 0512                 _SystemSleep FF4A                  ?_GpioSetup 0512  
               __pbssCOMRAM 0501           _UserAppInitialize FF4C                ??_UserAppRun 0512  
        ?_UserAppInitialize 0512              ??_SysTickSetup 0512         ??_UserAppInitialize 0512  
        __end_of_UserAppRun FFFC   __end_of_UserAppInitialize FF4E                 ??_GpioSetup 0512  
                  __Hrparam 0000                    __Lrparam 0000        __end_of_SysTickSetup FFA0  
__size_of_UserAppInitialize 0002               __size_of_main 0022                ?_SystemSleep 0512  
        _G_u32SystemTime1ms 050D           _G_u32SystemTime1s 0509  
