

Microchip MPLAB XC8 Assembler V2.31 build 20201012212115 
                                                                                               Thu Mar 04 23:23:40 2021

Microchip MPLAB XC8 C Compiler v2.31 (Free license) build 20201012212115 Og1 
     1                           	processor	18F27Q43
     2                           	fnconf	rparam,??,?,0
     3                           	pagewidth 120
     4                           	opt	flic
     5                           	psect	idataCOMRAM,global,class=CODE,delta=1,noexec
     6                           	psect	cinit,global,reloc=2,class=CODE,delta=1
     7                           	psect	bssCOMRAM,global,class=COMRAM,space=1,delta=1,lowdata,noexec
     8                           	psect	dataCOMRAM,global,class=COMRAM,space=1,delta=1,lowdata,noexec
     9                           	psect	cstackCOMRAM,global,class=COMRAM,space=1,delta=1,lowdata,noexec
    10                           	psect	text0,global,reloc=2,class=CODE,delta=1
    11                           	psect	text1,global,reloc=2,class=CODE,delta=1
    12                           	psect	text2,global,reloc=2,class=CODE,delta=1
    13                           	psect	text3,global,reloc=2,class=CODE,delta=1
    14                           	psect	text4,global,reloc=2,class=CODE,delta=1
    15                           	psect	text5,global,reloc=2,class=CODE,delta=1
    16                           	psect	text6,global,reloc=2,class=CODE,delta=1
    17                           	psect	text7,global,reloc=2,class=CODE,delta=1
    18                           	psect	intsave_regs,global,class=BIGRAM,space=1,delta=1,noexec
    19                           	psect	rparam,global,class=COMRAM,space=1,delta=1,noexec
    20                           	psect	idloc,global,abs,ovrld,class=IDLOC,space=5,delta=1,noexec
    21                           	psect	config,global,abs,ovrld,class=CONFIG,space=4,delta=1,noexec
    22  0000                     
    23                           ; Version 2.30
    24                           ; Generated 20/08/2020 GMT
    25                           ; 
    26                           ; Copyright © 2020, Microchip Technology Inc. and its subsidiaries ("Microchip")
    27                           ; All rights reserved.
    28                           ; 
    29                           ; This software is developed by Microchip Technology Inc. and its subsidiaries ("Microch
      +                          ip").
    30                           ; 
    31                           ; Redistribution and use in source and binary forms, with or without modification, are
    32                           ; permitted provided that the following conditions are met:
    33                           ; 
    34                           ;     1. Redistributions of source code must retain the above copyright notice, this lis
      +                          t of
    35                           ;        conditions and the following disclaimer.
    36                           ; 
    37                           ;     2. Redistributions in binary form must reproduce the above copyright notice, this 
      +                          list
    38                           ;        of conditions and the following disclaimer in the documentation and/or other
    39                           ;        materials provided with the distribution. Publication is not required when
    40                           ;        this file is used in an embedded application.
    41                           ; 
    42                           ;     3. Microchip's name may not be used to endorse or promote products derived from th
      +                          is
    43                           ;        software without specific prior written permission.
    44                           ; 
    45                           ; THIS SOFTWARE IS PROVIDED BY MICROCHIP "AS IS" AND ANY EXPRESS OR IMPLIED WARRANTIES,
    46                           ; INCLUDING, BUT NOT LIMITED TO, THE IMPLIED WARRANTIES OF MERCHANTABILITY AND FITNESS F
      +                          OR
    47                           ; PURPOSE ARE DISCLAIMED.  IN NO EVENT SHALL MICROCHIP BE LIABLE FOR ANY DIRECT, INDIREC
      +                          T,
    48                           ; INCIDENTAL, SPECIAL, EXEMPLARY, OR CONSEQUENTIAL DAMAGES (INCLUDING BUT NOT LIMITED TO
    49                           ; PROCUREMENT OF SUBSTITUTE GOODS OR SERVICES; LOSS OF USE, DATA OR PROFITS; OR BUSINESS
    50                           ; INTERRUPTION) HOWSOEVER CAUSED AND ON ANY THEORY OF LIABILITY, WHETHER IN CONTRACT, ST
      +                          RICT
    51                           ; LIABILITY, OR TORT (INCLUDING NEGLIGENCE OR OTHERWISE) ARISING IN ANY WAY OUT OF THE U
      +                          SE OF
    52                           ; THIS SOFTWARE, EVEN IF ADVISED OF THE POSSIBILITY OF SUCH DAMAGE.
    53                           ; 
    54                           ; 
    55                           ; Code-generator required, PIC18F27Q43 Definitions
    56                           ; 
    57                           ; SFR Addresses
    58  0000                     
    59                           	psect	idataCOMRAM
    60  01FEEE                     __pidataCOMRAM:
    61                           	callstack 0
    62                           
    63                           ;initializer for UserAppRun@F15924
    64  01FEEE  01                 	db	1
    65  01FEEF  04                 	db	4
    66  01FEF0  10                 	db	16
    67  01FEF1  02                 	db	2
    68  01FEF2  08                 	db	8
    69  01FEF3  20                 	db	32
    70  0000                     _TMR0L	set	792
    71  0000                     _TMR0H	set	793
    72  0000                     _T0CON1	set	795
    73  0000                     _T0CON0	set	794
    74  0000                     _ANSELA	set	1024
    75  0000                     _PIR3	set	1201
    76  0000                     _LATA	set	1214
    77  0000                     _TRISA	set	1222
    78  0000                     _PORTA	set	1230
    79                           
    80                           ; #config settings
    81                           
    82                           	psect	cinit
    83  01FF4A                     __pcinit:
    84                           	callstack 0
    85  01FF4A                     start_initialization:
    86                           	callstack 0
    87  01FF4A                     __initialization:
    88                           	callstack 0
    89                           
    90                           ; Initialize objects allocated to COMRAM (6 bytes)
    91                           ; load TBLPTR registers with __pidataCOMRAM
    92  01FF4A  0EEE               	movlw	low __pidataCOMRAM
    93  01FF4C  6EF6               	movwf	tblptrl,c
    94  01FF4E  0EFE               	movlw	high __pidataCOMRAM
    95  01FF50  6EF7               	movwf	tblptrh,c
    96  01FF52  0E01               	movlw	low (__pidataCOMRAM shr (0+16))
    97  01FF54  6EF8               	movwf	tblptru,c
    98  01FF56  EE01  F10F         	lfsr	0,__pdataCOMRAM
    99  01FF5A  EE10 F006          	lfsr	1,6
   100  01FF5E                     copy_data0:
   101  01FF5E  0009               	tblrd		*+
   102  01FF60  C4F5 F4EE          	movff	tablat,postinc0
   103  01FF64  50E5               	movf	postdec1,w,c
   104  01FF66  50E1               	movf	fsr1l,w,c
   105  01FF68  E1FA               	bnz	copy_data0
   106                           
   107                           ; Clear objects allocated to COMRAM (14 bytes)
   108  01FF6A  EE01  F101         	lfsr	0,__pbssCOMRAM
   109  01FF6E  0E0E               	movlw	14
   110  01FF70                     clear_0:
   111  01FF70  6AEE               	clrf	postinc0,c
   112  01FF72  06E8               	decf	wreg,f,c
   113  01FF74  E1FD               	bnz	clear_0
   114  01FF76                     end_of_initialization:
   115                           	callstack 0
   116  01FF76                     __end_of__initialization:
   117                           	callstack 0
   118  01FF76  0100               	movlb	0
   119  01FF78  EFDC  F0FF         	goto	_main	;jump to C main() function
   120                           
   121                           	psect	bssCOMRAM
   122  000501                     __pbssCOMRAM:
   123                           	callstack 0
   124  000501                     _G_u32SystemFlags:
   125                           	callstack 0
   126  000501                     	ds	4
   127  000505                     _G_u32SystemTime1s:
   128                           	callstack 0
   129  000505                     	ds	4
   130  000509                     _G_u32SystemTime1ms:
   131                           	callstack 0
   132  000509                     	ds	4
   133  00050D                     UserAppRun@u8Element:
   134                           	callstack 0
   135  00050D                     	ds	1
   136  00050E                     _G_u8UserAppFlags:
   137                           	callstack 0
   138  00050E                     	ds	1
   139                           
   140                           	psect	dataCOMRAM
   141  00050F                     __pdataCOMRAM:
   142                           	callstack 0
   143  00050F                     UserAppRun@F15924:
   144                           	callstack 0
   145  00050F                     	ds	6
   146                           
   147                           	psect	cstackCOMRAM
   148  000515                     __pcstackCOMRAM:
   149                           	callstack 0
   150  000515                     TimeXus@u16Time:
   151                           	callstack 0
   152  000515                     UserAppRun@au8Pattern:
   153                           	callstack 0
   154                           
   155                           ; 6 bytes @ 0x0
   156  000515                     	ds	2
   157  000517                     
   158                           ; 1 bytes @ 0x2
   159  000517                     	ds	4
   160  00051B                     
   161                           ; 1 bytes @ 0x6
   162 ;;
   163 ;;Main: autosize = 0, tempsize = 0, incstack = 0, save=0
   164 ;;
   165 ;; *************** function _main *****************
   166 ;; Defined at:
   167 ;;		line 35 in file "../main.c"
   168 ;; Parameters:    Size  Location     Type
   169 ;;		None
   170 ;; Auto vars:     Size  Location     Type
   171 ;;		None
   172 ;; Return value:  Size  Location     Type
   173 ;;                  1    wreg      void 
   174 ;; Registers used:
   175 ;;		wreg, fsr1l, fsr1h, fsr2l, fsr2h, status,2, status,0, cstack
   176 ;; Tracked objects:
   177 ;;		On entry : 0/0
   178 ;;		On exit  : 0/0
   179 ;;		Unchanged: 0/0
   180 ;; Data sizes:     COMRAM   BANK5   BANK6   BANK7   BANK8   BANK9  BANK10  BANK11  BANK12  BANK13  BANK14  BANK15  BANK1
      +6  BANK17  BANK18  BANK19  BANK20  BANK21  BANK22  BANK23  BANK24  BANK25  BANK26  BANK27  BANK28  BANK29  BANK30  BANK3
      +1  BANK32  BANK33  BANK34  BANK35  BANK36  BANK37
   181 ;;      Params:         0       0       0       0       0       0       0       0       0       0       0       0       
      +0       0       0       0       0       0       0       0       0       0       0       0       0       0       0       
      +0       0       0       0       0       0       0
   182 ;;      Locals:         0       0       0       0       0       0       0       0       0       0       0       0       
      +0       0       0       0       0       0       0       0       0       0       0       0       0       0       0       
      +0       0       0       0       0       0       0
   183 ;;      Temps:          0       0       0       0       0       0       0       0       0       0       0       0       
      +0       0       0       0       0       0       0       0       0       0       0       0       0       0       0       
      +0       0       0       0       0       0       0
   184 ;;      Totals:         0       0       0       0       0       0       0       0       0       0       0       0       
      +0       0       0       0       0       0       0       0       0       0       0       0       0       0       0       
      +0       0       0       0       0       0       0
   185 ;;Total ram usage:        0 bytes
   186 ;; Hardware stack levels required when called:    1
   187 ;; This function calls:
   188 ;;		_ClockSetup
   189 ;;		_GpioSetup
   190 ;;		_SysTickSetup
   191 ;;		_SystemSleep
   192 ;;		_TimeXus
   193 ;;		_UserAppInitialize
   194 ;;		_UserAppRun
   195 ;; This function is called by:
   196 ;;		Startup code after reset
   197 ;; This function uses a non-reentrant model
   198 ;;
   199                           
   200                           	psect	text0
   201  01FFB8                     __ptext0:
   202                           	callstack 0
   203  01FFB8                     _main:
   204                           	callstack 127
   205  01FFB8                     
   206                           ;../main.c: 37:   G_u32SystemFlags |= (u32)0x80000000;
   207  01FFB8  8E04               	bsf	(_G_u32SystemFlags+3)^(0+1280),7,c	;volatile
   208  01FFBA                     
   209                           ;../main.c: 40:   ClockSetup();
   210  01FFBA  EC75  F0FF         	call	_ClockSetup	;wreg free
   211  01FFBE                     
   212                           ;../main.c: 41:   SysTickSetup();
   213  01FFBE  EC94  F0FF         	call	_SysTickSetup	;wreg free
   214  01FFC2                     
   215                           ;../main.c: 42:   GpioSetup();
   216  01FFC2  EC7A  F0FF         	call	_GpioSetup	;wreg free
   217  01FFC6                     
   218                           ;../main.c: 47:   UserAppInitialize();
   219  01FFC6  EC82  F0FF         	call	_UserAppInitialize	;wreg free
   220  01FFCA                     l834:
   221                           
   222                           ;../main.c: 53:   {;../main.c: 57:     UserAppRun();
   223  01FFCA  ECBE  F0FF         	call	_UserAppRun	;wreg free
   224  01FFCE                     
   225                           ;../main.c: 61:     (LATA &=0x7F);
   226  01FFCE  9EBE               	bcf	190,7,c	;volatile
   227  01FFD0                     
   228                           ;../main.c: 62:     SystemSleep();
   229  01FFD0  EC76  F0FF         	call	_SystemSleep	;wreg free
   230  01FFD4                     
   231                           ;../main.c: 63:     TimeXus(0x03E8);
   232  01FFD4  0E03               	movlw	3
   233  01FFD6  6E16               	movwf	(TimeXus@u16Time+1)^(0+1280),c
   234  01FFD8  0EE8               	movlw	232
   235  01FFDA  6E15               	movwf	TimeXus@u16Time^(0+1280),c
   236  01FFDC  EC8A  F0FF         	call	_TimeXus	;wreg free
   237  01FFE0                     l842:
   238                           
   239                           ;../main.c: 65:     {;../main.c: 66:         if(PIR3==0x80)
   240  01FFE0  0E80               	movlw	128
   241  01FFE2  18B1               	xorwf	177,w,c	;volatile
   242  01FFE4  A4D8               	btfss	status,2,c
   243  01FFE6  EFF7  F0FF         	goto	u41
   244  01FFEA  EFF9  F0FF         	goto	u40
   245  01FFEE                     u41:
   246  01FFEE  EFF0  F0FF         	goto	l842
   247  01FFF2                     u40:
   248  01FFF2                     
   249                           ;../main.c: 71:    (LATA |=0x80);
   250  01FFF2  8EBE               	bsf	190,7,c	;volatile
   251  01FFF4  EFE5  F0FF         	goto	l834
   252  01FFF8  EFFE  F0FF         	goto	start
   253  01FFFC                     __end_of_main:
   254                           	callstack 0
   255                           
   256 ;; *************** function _UserAppRun *****************
   257 ;; Defined at:
   258 ;;		line 107 in file "../user_app.c"
   259 ;; Parameters:    Size  Location     Type
   260 ;;		None
   261 ;; Auto vars:     Size  Location     Type
   262 ;;  au8Pattern      6    0[COMRAM] unsigned char [6]
   263 ;; Return value:  Size  Location     Type
   264 ;;                  1    wreg      void 
   265 ;; Registers used:
   266 ;;		wreg, fsr1l, fsr1h, fsr2l, fsr2h, status,2, status,0
   267 ;; Tracked objects:
   268 ;;		On entry : 0/0
   269 ;;		On exit  : 0/0
   270 ;;		Unchanged: 0/0
   271 ;; Data sizes:     COMRAM   BANK5   BANK6   BANK7   BANK8   BANK9  BANK10  BANK11  BANK12  BANK13  BANK14  BANK15  BANK1
      +6  BANK17  BANK18  BANK19  BANK20  BANK21  BANK22  BANK23  BANK24  BANK25  BANK26  BANK27  BANK28  BANK29  BANK30  BANK3
      +1  BANK32  BANK33  BANK34  BANK35  BANK36  BANK37
   272 ;;      Params:         0       0       0       0       0       0       0       0       0       0       0       0       
      +0       0       0       0       0       0       0       0       0       0       0       0       0       0       0       
      +0       0       0       0       0       0       0
   273 ;;      Locals:         6       0       0       0       0       0       0       0       0       0       0       0       
      +0       0       0       0       0       0       0       0       0       0       0       0       0       0       0       
      +0       0       0       0       0       0       0
   274 ;;      Temps:          0       0       0       0       0       0       0       0       0       0       0       0       
      +0       0       0       0       0       0       0       0       0       0       0       0       0       0       0       
      +0       0       0       0       0       0       0
   275 ;;      Totals:         6       0       0       0       0       0       0       0       0       0       0       0       
      +0       0       0       0       0       0       0       0       0       0       0       0       0       0       0       
      +0       0       0       0       0       0       0
   276 ;;Total ram usage:        6 bytes
   277 ;; Hardware stack levels used:    1
   278 ;; This function calls:
   279 ;;		Nothing
   280 ;; This function is called by:
   281 ;;		_main
   282 ;; This function uses a non-reentrant model
   283 ;;
   284                           
   285                           	psect	text1
   286  01FF7C                     __ptext1:
   287                           	callstack 0
   288  01FF7C                     _UserAppRun:
   289                           	callstack 127
   290  01FF7C                     
   291                           ;../user_app.c: 109:     u8 au8Pattern[6]={0x01,0x04,0x10,0x02,0x08,0x20};
   292  01FF7C  EE21  F10F         	lfsr	2,UserAppRun@F15924
   293  01FF80  EE11  F115         	lfsr	1,UserAppRun@au8Pattern
   294  01FF84  0E05               	movlw	5
   295  01FF86                     u11:
   296  01FF86  C4DB F4E3          	movff	plusw2,plusw1
   297  01FF8A  06E8               	decf	wreg,f,c
   298  01FF8C  E2FC               	bc	u11
   299  01FF8E                     
   300                           ;../user_app.c: 110:     static u8 u8Element=0x00;;../user_app.c: 112:     LATA=au8Patte
      +                          rn[u8Element];
   301  01FF8E  0E15               	movlw	low UserAppRun@au8Pattern
   302  01FF90  240D               	addwf	UserAppRun@u8Element^(0+1280),w,c
   303  01FF92  6ED9               	movwf	fsr2l,c
   304  01FF94  6ADA               	clrf	fsr2h,c
   305  01FF96  0E05               	movlw	high UserAppRun@au8Pattern
   306  01FF98  22DA               	addwfc	fsr2h,f,c
   307  01FF9A  50DF               	movf	indf2,w,c
   308  01FF9C  6EBE               	movwf	190,c	;volatile
   309  01FF9E                     
   310                           ;../user_app.c: 113:     u8Element++;
   311  01FF9E  2A0D               	incf	UserAppRun@u8Element^(0+1280),f,c
   312  01FFA0                     
   313                           ;../user_app.c: 114:     if (u8Element==0x06)
   314  01FFA0  0E06               	movlw	6
   315  01FFA2  180D               	xorwf	UserAppRun@u8Element^(0+1280),w,c
   316  01FFA4  A4D8               	btfss	status,2,c
   317  01FFA6  EFD7  F0FF         	goto	u21
   318  01FFAA  EFD9  F0FF         	goto	u20
   319  01FFAE                     u21:
   320  01FFAE  EFDB  F0FF         	goto	l86
   321  01FFB2                     u20:
   322  01FFB2                     
   323                           ;../user_app.c: 115:     {;../user_app.c: 116:     u8Element=0x00;
   324  01FFB2  0E00               	movlw	0
   325  01FFB4  6E0D               	movwf	UserAppRun@u8Element^(0+1280),c
   326  01FFB6                     l86:
   327  01FFB6  0012               	return		;funcret
   328  01FFB8                     __end_of_UserAppRun:
   329                           	callstack 0
   330                           
   331 ;; *************** function _UserAppInitialize *****************
   332 ;; Defined at:
   333 ;;		line 76 in file "../user_app.c"
   334 ;; Parameters:    Size  Location     Type
   335 ;;		None
   336 ;; Auto vars:     Size  Location     Type
   337 ;;		None
   338 ;; Return value:  Size  Location     Type
   339 ;;                  1    wreg      void 
   340 ;; Registers used:
   341 ;;		wreg, status,2
   342 ;; Tracked objects:
   343 ;;		On entry : 0/0
   344 ;;		On exit  : 0/0
   345 ;;		Unchanged: 0/0
   346 ;; Data sizes:     COMRAM   BANK5   BANK6   BANK7   BANK8   BANK9  BANK10  BANK11  BANK12  BANK13  BANK14  BANK15  BANK1
      +6  BANK17  BANK18  BANK19  BANK20  BANK21  BANK22  BANK23  BANK24  BANK25  BANK26  BANK27  BANK28  BANK29  BANK30  BANK3
      +1  BANK32  BANK33  BANK34  BANK35  BANK36  BANK37
   347 ;;      Params:         0       0       0       0       0       0       0       0       0       0       0       0       
      +0       0       0       0       0       0       0       0       0       0       0       0       0       0       0       
      +0       0       0       0       0       0       0
   348 ;;      Locals:         0       0       0       0       0       0       0       0       0       0       0       0       
      +0       0       0       0       0       0       0       0       0       0       0       0       0       0       0       
      +0       0       0       0       0       0       0
   349 ;;      Temps:          0       0       0       0       0       0       0       0       0       0       0       0       
      +0       0       0       0       0       0       0       0       0       0       0       0       0       0       0       
      +0       0       0       0       0       0       0
   350 ;;      Totals:         0       0       0       0       0       0       0       0       0       0       0       0       
      +0       0       0       0       0       0       0       0       0       0       0       0       0       0       0       
      +0       0       0       0       0       0       0
   351 ;;Total ram usage:        0 bytes
   352 ;; Hardware stack levels used:    1
   353 ;; This function calls:
   354 ;;		Nothing
   355 ;; This function is called by:
   356 ;;		_main
   357 ;; This function uses a non-reentrant model
   358 ;;
   359                           
   360                           	psect	text2
   361  01FF04                     __ptext2:
   362                           	callstack 0
   363  01FF04                     _UserAppInitialize:
   364                           	callstack 127
   365  01FF04                     
   366                           ;../user_app.c: 79:     LATA=0x80;
   367  01FF04  0E80               	movlw	128
   368  01FF06  6EBE               	movwf	190,c	;volatile
   369                           
   370                           ;../user_app.c: 80:     T0CON0=0x90;
   371  01FF08  0E90               	movlw	144
   372  01FF0A  0103               	movlb	3	; () banked
   373  01FF0C  6F1A               	movwf	26,b	;volatile
   374                           
   375                           ;../user_app.c: 81:     T0CON1=0x54;
   376  01FF0E  0E54               	movlw	84
   377  01FF10  6F1B               	movwf	27,b	;volatile
   378  01FF12                     
   379                           ; BSR set to: 3
   380  01FF12  0012               	return		;funcret
   381  01FF14                     __end_of_UserAppInitialize:
   382                           	callstack 0
   383                           
   384 ;; *************** function _TimeXus *****************
   385 ;; Defined at:
   386 ;;		line 86 in file "../user_app.c"
   387 ;; Parameters:    Size  Location     Type
   388 ;;  u16Time         2    0[COMRAM] unsigned short 
   389 ;; Auto vars:     Size  Location     Type
   390 ;;		None
   391 ;; Return value:  Size  Location     Type
   392 ;;                  1    wreg      void 
   393 ;; Registers used:
   394 ;;		wreg, status,2, status,0
   395 ;; Tracked objects:
   396 ;;		On entry : 0/0
   397 ;;		On exit  : 0/0
   398 ;;		Unchanged: 0/0
   399 ;; Data sizes:     COMRAM   BANK5   BANK6   BANK7   BANK8   BANK9  BANK10  BANK11  BANK12  BANK13  BANK14  BANK15  BANK1
      +6  BANK17  BANK18  BANK19  BANK20  BANK21  BANK22  BANK23  BANK24  BANK25  BANK26  BANK27  BANK28  BANK29  BANK30  BANK3
      +1  BANK32  BANK33  BANK34  BANK35  BANK36  BANK37
   400 ;;      Params:         2       0       0       0       0       0       0       0       0       0       0       0       
      +0       0       0       0       0       0       0       0       0       0       0       0       0       0       0       
      +0       0       0       0       0       0       0
   401 ;;      Locals:         0       0       0       0       0       0       0       0       0       0       0       0       
      +0       0       0       0       0       0       0       0       0       0       0       0       0       0       0       
      +0       0       0       0       0       0       0
   402 ;;      Temps:          0       0       0       0       0       0       0       0       0       0       0       0       
      +0       0       0       0       0       0       0       0       0       0       0       0       0       0       0       
      +0       0       0       0       0       0       0
   403 ;;      Totals:         2       0       0       0       0       0       0       0       0       0       0       0       
      +0       0       0       0       0       0       0       0       0       0       0       0       0       0       0       
      +0       0       0       0       0       0       0
   404 ;;Total ram usage:        2 bytes
   405 ;; Hardware stack levels used:    1
   406 ;; This function calls:
   407 ;;		Nothing
   408 ;; This function is called by:
   409 ;;		_main
   410 ;; This function uses a non-reentrant model
   411 ;;
   412                           
   413                           	psect	text3
   414  01FF14                     __ptext3:
   415                           	callstack 0
   416  01FF14                     _TimeXus:
   417                           	callstack 127
   418  01FF14                     
   419                           ;../user_app.c: 86: void TimeXus(u16 u16Time);../user_app.c: 87: {;../user_app.c: 88:   
      +                            T0CON0 &= 0x7F;
   420  01FF14  0103               	movlb	3	; () banked
   421  01FF16  9F1A               	bcf	26,7,b	;volatile
   422  01FF18                     
   423                           ; BSR set to: 3
   424                           ;../user_app.c: 89:     TMR0H=(u16Time & 0xFF00)>>8;
   425  01FF18  5016               	movf	(TimeXus@u16Time+1)^(0+1280),w,c
   426  01FF1A  6F19               	movwf	25,b	;volatile
   427  01FF1C                     
   428                           ; BSR set to: 3
   429                           ;../user_app.c: 90:     TMR0L=u16Time & 0x00FF;
   430  01FF1C  0061  F454  F318   	movff	TimeXus@u16Time,792	;volatile
   431  01FF22                     
   432                           ; BSR set to: 3
   433                           ;../user_app.c: 91:     PIR3 &= 0x7F;
   434  01FF22  9EB1               	bcf	177,7,c	;volatile
   435  01FF24                     
   436                           ; BSR set to: 3
   437                           ;../user_app.c: 92:     T0CON0 |= 0x80;
   438  01FF24  8F1A               	bsf	26,7,b	;volatile
   439  01FF26                     
   440                           ; BSR set to: 3
   441  01FF26  0012               	return		;funcret
   442  01FF28                     __end_of_TimeXus:
   443                           	callstack 0
   444                           
   445 ;; *************** function _SystemSleep *****************
   446 ;; Defined at:
   447 ;;		line 133 in file "../encm369_pic18.c"
   448 ;; Parameters:    Size  Location     Type
   449 ;;		None
   450 ;; Auto vars:     Size  Location     Type
   451 ;;		None
   452 ;; Return value:  Size  Location     Type
   453 ;;                  1    wreg      void 
   454 ;; Registers used:
   455 ;;		None
   456 ;; Tracked objects:
   457 ;;		On entry : 0/0
   458 ;;		On exit  : 0/0
   459 ;;		Unchanged: 0/0
   460 ;; Data sizes:     COMRAM   BANK5   BANK6   BANK7   BANK8   BANK9  BANK10  BANK11  BANK12  BANK13  BANK14  BANK15  BANK1
      +6  BANK17  BANK18  BANK19  BANK20  BANK21  BANK22  BANK23  BANK24  BANK25  BANK26  BANK27  BANK28  BANK29  BANK30  BANK3
      +1  BANK32  BANK33  BANK34  BANK35  BANK36  BANK37
   461 ;;      Params:         0       0       0       0       0       0       0       0       0       0       0       0       
      +0       0       0       0       0       0       0       0       0       0       0       0       0       0       0       
      +0       0       0       0       0       0       0
   462 ;;      Locals:         0       0       0       0       0       0       0       0       0       0       0       0       
      +0       0       0       0       0       0       0       0       0       0       0       0       0       0       0       
      +0       0       0       0       0       0       0
   463 ;;      Temps:          0       0       0       0       0       0       0       0       0       0       0       0       
      +0       0       0       0       0       0       0       0       0       0       0       0       0       0       0       
      +0       0       0       0       0       0       0
   464 ;;      Totals:         0       0       0       0       0       0       0       0       0       0       0       0       
      +0       0       0       0       0       0       0       0       0       0       0       0       0       0       0       
      +0       0       0       0       0       0       0
   465 ;;Total ram usage:        0 bytes
   466 ;; Hardware stack levels used:    1
   467 ;; This function calls:
   468 ;;		Nothing
   469 ;; This function is called by:
   470 ;;		_main
   471 ;; This function uses a non-reentrant model
   472 ;;
   473                           
   474                           	psect	text4
   475  01FEEC                     __ptext4:
   476                           	callstack 0
   477  01FEEC                     _SystemSleep:
   478                           	callstack 127
   479  01FEEC  0012               	return		;funcret
   480  01FEEE                     __end_of_SystemSleep:
   481                           	callstack 0
   482                           
   483 ;; *************** function _SysTickSetup *****************
   484 ;; Defined at:
   485 ;;		line 111 in file "../encm369_pic18.c"
   486 ;; Parameters:    Size  Location     Type
   487 ;;		None
   488 ;; Auto vars:     Size  Location     Type
   489 ;;		None
   490 ;; Return value:  Size  Location     Type
   491 ;;                  1    wreg      void 
   492 ;; Registers used:
   493 ;;		wreg, status,2
   494 ;; Tracked objects:
   495 ;;		On entry : 0/0
   496 ;;		On exit  : 0/0
   497 ;;		Unchanged: 0/0
   498 ;; Data sizes:     COMRAM   BANK5   BANK6   BANK7   BANK8   BANK9  BANK10  BANK11  BANK12  BANK13  BANK14  BANK15  BANK1
      +6  BANK17  BANK18  BANK19  BANK20  BANK21  BANK22  BANK23  BANK24  BANK25  BANK26  BANK27  BANK28  BANK29  BANK30  BANK3
      +1  BANK32  BANK33  BANK34  BANK35  BANK36  BANK37
   499 ;;      Params:         0       0       0       0       0       0       0       0       0       0       0       0       
      +0       0       0       0       0       0       0       0       0       0       0       0       0       0       0       
      +0       0       0       0       0       0       0
   500 ;;      Locals:         0       0       0       0       0       0       0       0       0       0       0       0       
      +0       0       0       0       0       0       0       0       0       0       0       0       0       0       0       
      +0       0       0       0       0       0       0
   501 ;;      Temps:          0       0       0       0       0       0       0       0       0       0       0       0       
      +0       0       0       0       0       0       0       0       0       0       0       0       0       0       0       
      +0       0       0       0       0       0       0
   502 ;;      Totals:         0       0       0       0       0       0       0       0       0       0       0       0       
      +0       0       0       0       0       0       0       0       0       0       0       0       0       0       0       
      +0       0       0       0       0       0       0
   503 ;;Total ram usage:        0 bytes
   504 ;; Hardware stack levels used:    1
   505 ;; This function calls:
   506 ;;		Nothing
   507 ;; This function is called by:
   508 ;;		_main
   509 ;; This function uses a non-reentrant model
   510 ;;
   511                           
   512                           	psect	text5
   513  01FF28                     __ptext5:
   514                           	callstack 0
   515  01FF28                     _SysTickSetup:
   516                           	callstack 127
   517  01FF28                     
   518                           ;../encm369_pic18.c: 113:   G_u32SystemTime1ms = 0;
   519  01FF28  0E00               	movlw	0
   520  01FF2A  6E09               	movwf	_G_u32SystemTime1ms^(0+1280),c	;volatile
   521  01FF2C  0E00               	movlw	0
   522  01FF2E  6E0A               	movwf	(_G_u32SystemTime1ms+1)^(0+1280),c	;volatile
   523  01FF30  0E00               	movlw	0
   524  01FF32  6E0B               	movwf	(_G_u32SystemTime1ms+2)^(0+1280),c	;volatile
   525  01FF34  0E00               	movlw	0
   526  01FF36  6E0C               	movwf	(_G_u32SystemTime1ms+3)^(0+1280),c	;volatile
   527                           
   528                           ;../encm369_pic18.c: 114:   G_u32SystemTime1s = 0;
   529  01FF38  0E00               	movlw	0
   530  01FF3A  6E05               	movwf	_G_u32SystemTime1s^(0+1280),c	;volatile
   531  01FF3C  0E00               	movlw	0
   532  01FF3E  6E06               	movwf	(_G_u32SystemTime1s+1)^(0+1280),c	;volatile
   533  01FF40  0E00               	movlw	0
   534  01FF42  6E07               	movwf	(_G_u32SystemTime1s+2)^(0+1280),c	;volatile
   535  01FF44  0E00               	movlw	0
   536  01FF46  6E08               	movwf	(_G_u32SystemTime1s+3)^(0+1280),c	;volatile
   537  01FF48  0012               	return		;funcret
   538  01FF4A                     __end_of_SysTickSetup:
   539                           	callstack 0
   540                           
   541 ;; *************** function _GpioSetup *****************
   542 ;; Defined at:
   543 ;;		line 89 in file "../encm369_pic18.c"
   544 ;; Parameters:    Size  Location     Type
   545 ;;		None
   546 ;; Auto vars:     Size  Location     Type
   547 ;;		None
   548 ;; Return value:  Size  Location     Type
   549 ;;                  1    wreg      void 
   550 ;; Registers used:
   551 ;;		wreg, status,2
   552 ;; Tracked objects:
   553 ;;		On entry : 0/0
   554 ;;		On exit  : 0/0
   555 ;;		Unchanged: 0/0
   556 ;; Data sizes:     COMRAM   BANK5   BANK6   BANK7   BANK8   BANK9  BANK10  BANK11  BANK12  BANK13  BANK14  BANK15  BANK1
      +6  BANK17  BANK18  BANK19  BANK20  BANK21  BANK22  BANK23  BANK24  BANK25  BANK26  BANK27  BANK28  BANK29  BANK30  BANK3
      +1  BANK32  BANK33  BANK34  BANK35  BANK36  BANK37
   557 ;;      Params:         0       0       0       0       0       0       0       0       0       0       0       0       
      +0       0       0       0       0       0       0       0       0       0       0       0       0       0       0       
      +0       0       0       0       0       0       0
   558 ;;      Locals:         0       0       0       0       0       0       0       0       0       0       0       0       
      +0       0       0       0       0       0       0       0       0       0       0       0       0       0       0       
      +0       0       0       0       0       0       0
   559 ;;      Temps:          0       0       0       0       0       0       0       0       0       0       0       0       
      +0       0       0       0       0       0       0       0       0       0       0       0       0       0       0       
      +0       0       0       0       0       0       0
   560 ;;      Totals:         0       0       0       0       0       0       0       0       0       0       0       0       
      +0       0       0       0       0       0       0       0       0       0       0       0       0       0       0       
      +0       0       0       0       0       0       0
   561 ;;Total ram usage:        0 bytes
   562 ;; Hardware stack levels used:    1
   563 ;; This function calls:
   564 ;;		Nothing
   565 ;; This function is called by:
   566 ;;		_main
   567 ;; This function uses a non-reentrant model
   568 ;;
   569                           
   570                           	psect	text6
   571  01FEF4                     __ptext6:
   572                           	callstack 0
   573  01FEF4                     _GpioSetup:
   574                           	callstack 127
   575  01FEF4                     
   576                           ;../encm369_pic18.c: 91:     PORTA=0x00;
   577  01FEF4  0E00               	movlw	0
   578  01FEF6  6ECE               	movwf	206,c	;volatile
   579                           
   580                           ;../encm369_pic18.c: 92:     TRISA=0;
   581  01FEF8  0E00               	movlw	0
   582  01FEFA  6EC6               	movwf	198,c	;volatile
   583                           
   584                           ;../encm369_pic18.c: 93:     ANSELA=0;
   585  01FEFC  0E00               	movlw	0
   586  01FEFE  0104               	movlb	4	; () banked
   587  01FF00  6F00               	movwf	0,b	;volatile
   588  01FF02                     
   589                           ; BSR set to: 4
   590  01FF02  0012               	return		;funcret
   591  01FF04                     __end_of_GpioSetup:
   592                           	callstack 0
   593                           
   594 ;; *************** function _ClockSetup *****************
   595 ;; Defined at:
   596 ;;		line 70 in file "../encm369_pic18.c"
   597 ;; Parameters:    Size  Location     Type
   598 ;;		None
   599 ;; Auto vars:     Size  Location     Type
   600 ;;		None
   601 ;; Return value:  Size  Location     Type
   602 ;;                  1    wreg      void 
   603 ;; Registers used:
   604 ;;		None
   605 ;; Tracked objects:
   606 ;;		On entry : 0/0
   607 ;;		On exit  : 0/0
   608 ;;		Unchanged: 0/0
   609 ;; Data sizes:     COMRAM   BANK5   BANK6   BANK7   BANK8   BANK9  BANK10  BANK11  BANK12  BANK13  BANK14  BANK15  BANK1
      +6  BANK17  BANK18  BANK19  BANK20  BANK21  BANK22  BANK23  BANK24  BANK25  BANK26  BANK27  BANK28  BANK29  BANK30  BANK3
      +1  BANK32  BANK33  BANK34  BANK35  BANK36  BANK37
   610 ;;      Params:         0       0       0       0       0       0       0       0       0       0       0       0       
      +0       0       0       0       0       0       0       0       0       0       0       0       0       0       0       
      +0       0       0       0       0       0       0
   611 ;;      Locals:         0       0       0       0       0       0       0       0       0       0       0       0       
      +0       0       0       0       0       0       0       0       0       0       0       0       0       0       0       
      +0       0       0       0       0       0       0
   612 ;;      Temps:          0       0       0       0       0       0       0       0       0       0       0       0       
      +0       0       0       0       0       0       0       0       0       0       0       0       0       0       0       
      +0       0       0       0       0       0       0
   613 ;;      Totals:         0       0       0       0       0       0       0       0       0       0       0       0       
      +0       0       0       0       0       0       0       0       0       0       0       0       0       0       0       
      +0       0       0       0       0       0       0
   614 ;;Total ram usage:        0 bytes
   615 ;; Hardware stack levels used:    1
   616 ;; This function calls:
   617 ;;		Nothing
   618 ;; This function is called by:
   619 ;;		_main
   620 ;; This function uses a non-reentrant model
   621 ;;
   622                           
   623                           	psect	text7
   624  01FEEA                     __ptext7:
   625                           	callstack 0
   626  01FEEA                     _ClockSetup:
   627                           	callstack 127
   628  01FEEA  0012               	return		;funcret
   629  01FEEC                     __end_of_ClockSetup:
   630                           	callstack 0
   631  0000                     
   632                           	psect	rparam
   633  0000                     
   634                           	psect	idloc
   635                           
   636                           ;Config register IDLOC0 @ 0x200000
   637                           ;	unspecified, using default values
   638  200000                     	org	2097152
   639  200000  0FFF               	dw	4095
   640                           
   641                           ;Config register IDLOC1 @ 0x200002
   642                           ;	unspecified, using default values
   643  200002                     	org	2097154
   644  200002  0FFF               	dw	4095
   645                           
   646                           ;Config register IDLOC2 @ 0x200004
   647                           ;	unspecified, using default values
   648  200004                     	org	2097156
   649  200004  0FFF               	dw	4095
   650                           
   651                           ;Config register IDLOC3 @ 0x200006
   652                           ;	unspecified, using default values
   653  200006                     	org	2097158
   654  200006  0FFF               	dw	4095
   655                           
   656                           ;Config register IDLOC4 @ 0x200008
   657                           ;	unspecified, using default values
   658  200008                     	org	2097160
   659  200008  0FFF               	dw	4095
   660                           
   661                           ;Config register IDLOC5 @ 0x20000A
   662                           ;	unspecified, using default values
   663  20000A                     	org	2097162
   664  20000A  0FFF               	dw	4095
   665                           
   666                           ;Config register IDLOC6 @ 0x20000C
   667                           ;	unspecified, using default values
   668  20000C                     	org	2097164
   669  20000C  0FFF               	dw	4095
   670                           
   671                           ;Config register IDLOC7 @ 0x20000E
   672                           ;	unspecified, using default values
   673  20000E                     	org	2097166
   674  20000E  0FFF               	dw	4095
   675                           
   676                           ;Config register IDLOC8 @ 0x200010
   677                           ;	unspecified, using default values
   678  200010                     	org	2097168
   679  200010  0FFF               	dw	4095
   680                           
   681                           ;Config register IDLOC9 @ 0x200012
   682                           ;	unspecified, using default values
   683  200012                     	org	2097170
   684  200012  0FFF               	dw	4095
   685                           
   686                           ;Config register IDLOC10 @ 0x200014
   687                           ;	unspecified, using default values
   688  200014                     	org	2097172
   689  200014  0FFF               	dw	4095
   690                           
   691                           ;Config register IDLOC11 @ 0x200016
   692                           ;	unspecified, using default values
   693  200016                     	org	2097174
   694  200016  0FFF               	dw	4095
   695                           
   696                           ;Config register IDLOC12 @ 0x200018
   697                           ;	unspecified, using default values
   698  200018                     	org	2097176
   699  200018  0FFF               	dw	4095
   700                           
   701                           ;Config register IDLOC13 @ 0x20001A
   702                           ;	unspecified, using default values
   703  20001A                     	org	2097178
   704  20001A  0FFF               	dw	4095
   705                           
   706                           ;Config register IDLOC14 @ 0x20001C
   707                           ;	unspecified, using default values
   708  20001C                     	org	2097180
   709  20001C  0FFF               	dw	4095
   710                           
   711                           ;Config register IDLOC15 @ 0x20001E
   712                           ;	unspecified, using default values
   713  20001E                     	org	2097182
   714  20001E  0FFF               	dw	4095
   715                           
   716                           	psect	config
   717                           
   718                           ;Config register CONFIG1 @ 0x300000
   719                           ;	External Oscillator Selection
   720                           ;	FEXTOSC = OFF, Oscillator not enabled
   721                           ;	Reset Oscillator Selection
   722                           ;	RSTOSC = HFINTOSC_64MHZ, HFINTOSC with HFFRQ = 64 MHz and CDIV = 1:1
   723  300000                     	org	3145728
   724  300000  8C                 	db	140
   725                           
   726                           ;Config register CONFIG2 @ 0x300001
   727                           ;	Clock out Enable bit
   728                           ;	CLKOUTEN = ON, CLKOUT function is enabled
   729                           ;	PRLOCKED One-Way Set Enable bit
   730                           ;	PR1WAY = ON, PRLOCKED bit can be cleared and set only once
   731                           ;	Clock Switch Enable bit
   732                           ;	CSWEN = ON, Writing to NOSC and NDIV is allowed
   733                           ;	Fail-Safe Clock Monitor Enable bit
   734                           ;	FCMEN = ON, Fail-Safe Clock Monitor enabled
   735  300001                     	org	3145729
   736  300001  FE                 	db	254
   737                           
   738                           ;Config register CONFIG3 @ 0x300002
   739                           ;	MCLR Enable bit
   740                           ;	MCLRE = EXTMCLR, If LVP = 0, MCLR pin is MCLR; If LVP = 1, RE3 pin function is MCLR
   741                           ;	Power-up timer selection bits
   742                           ;	PWRTS = PWRT_OFF, PWRT is disabled
   743                           ;	Multi-vector enable bit
   744                           ;	MVECEN = ON, Multi-vector enabled, Vector table used for interrupts
   745                           ;	IVTLOCK bit One-way set enable bit
   746                           ;	IVT1WAY = ON, IVTLOCKED bit can be cleared and set only once
   747                           ;	Low Power BOR Enable bit
   748                           ;	LPBOREN = OFF, Low-Power BOR disabled
   749                           ;	Brown-out Reset Enable bits
   750                           ;	BOREN = SBORDIS, Brown-out Reset enabled , SBOREN bit is ignored
   751  300002                     	org	3145730
   752  300002  FF                 	db	255
   753                           
   754                           ;Config register CONFIG4 @ 0x300003
   755                           ;	Brown-out Reset Voltage Selection bits
   756                           ;	BORV = VBOR_2P85, Brown-out Reset Voltage (VBOR) set to 2.8V
   757                           ;	ZCD Disable bit
   758                           ;	ZCD = OFF, ZCD module is disabled. ZCD can be enabled by setting the ZCDSEN bit of ZCD
      +                          CON
   759                           ;	PPSLOCK bit One-Way Set Enable bit
   760                           ;	PPS1WAY = ON, PPSLOCKED bit can be cleared and set only once; PPS registers remain loc
      +                          ked after one clear/set cycle
   761                           ;	Stack Full/Underflow Reset Enable bit
   762                           ;	STVREN = ON, Stack full/underflow will cause Reset
   763                           ;	Low Voltage Programming Enable bit
   764                           ;	LVP = ON, Low voltage programming enabled. MCLR/VPP pin function is MCLR. MCLRE config
      +                          uration bit is ignored
   765                           ;	Extended Instruction Set Enable bit
   766                           ;	XINST = OFF, Extended Instruction Set and Indexed Addressing Mode disabled
   767  300003                     	org	3145731
   768  300003  FC                 	db	252
   769                           
   770                           ;Config register CONFIG5 @ 0x300004
   771                           ;	WDT Period selection bits
   772                           ;	WDTCPS = WDTCPS_31, Divider ratio 1:65536; software control of WDTPS
   773                           ;	WDT operating mode
   774                           ;	WDTE = OFF, WDT Disabled; SWDTEN is ignored
   775  300004                     	org	3145732
   776  300004  9F                 	db	159
   777                           
   778                           ;Config register CONFIG6 @ 0x300005
   779                           ;	WDT Window Select bits
   780                           ;	WDTCWS = WDTCWS_7, window always open (100%); software control; keyed access not requi
      +                          red
   781                           ;	WDT input clock selector
   782                           ;	WDTCCS = SC, Software Control
   783  300005                     	org	3145733
   784  300005  FF                 	db	255
   785                           
   786                           ;Config register CONFIG7 @ 0x300006
   787                           ;	Boot Block Size selection bits
   788                           ;	BBSIZE = BBSIZE_512, Boot Block size is 512 words
   789                           ;	Boot Block enable bit
   790                           ;	BBEN = OFF, Boot block disabled
   791                           ;	Storage Area Flash enable bit
   792                           ;	SAFEN = OFF, SAF disabled
   793                           ;	Background Debugger
   794                           ;	DEBUG = OFF, Background Debugger disabled
   795  300006                     	org	3145734
   796  300006  FF                 	db	255
   797                           
   798                           ;Config register CONFIG8 @ 0x300007
   799                           ;	Boot Block Write Protection bit
   800                           ;	WRTB = OFF, Boot Block not Write protected
   801                           ;	Configuration Register Write Protection bit
   802                           ;	WRTC = OFF, Configuration registers not Write protected
   803                           ;	Data EEPROM Write Protection bit
   804                           ;	WRTD = OFF, Data EEPROM not Write protected
   805                           ;	SAF Write protection bit
   806                           ;	WRTSAF = OFF, SAF not Write Protected
   807                           ;	Application Block write protection bit
   808                           ;	WRTAPP = OFF, Application Block not write protected
   809  300007                     	org	3145735
   810  300007  FF                 	db	255
   811                           
   812                           ; Padding undefined space
   813  300008                     	org	3145736
   814  300008  FF                 	db	255
   815                           
   816                           ;Config register CONFIG10 @ 0x300009
   817                           ;	PFM and Data EEPROM Code Protection bit
   818                           ;	CP = OFF, PFM and Data EEPROM code protection disabled
   819  300009                     	org	3145737
   820  300009  FF                 	db	255
   821                           tosu	equ	0x4FF
   822                           tosh	equ	0x4FE
   823                           tosl	equ	0x4FD
   824                           stkptr	equ	0x4FC
   825                           pclatu	equ	0x4FB
   826                           pclath	equ	0x4FA
   827                           pcl	equ	0x4F9
   828                           tblptru	equ	0x4F8
   829                           tblptrh	equ	0x4F7
   830                           tblptrl	equ	0x4F6
   831                           tablat	equ	0x4F5
   832                           prodh	equ	0x4F4
   833                           prodl	equ	0x4F3
   834                           indf0	equ	0x4EF
   835                           postinc0	equ	0x4EE
   836                           postdec0	equ	0x4ED
   837                           preinc0	equ	0x4EC
   838                           plusw0	equ	0x4EB
   839                           fsr0h	equ	0x4EA
   840                           fsr0l	equ	0x4E9
   841                           wreg	equ	0x4E8
   842                           indf1	equ	0x4E7
   843                           postinc1	equ	0x4E6
   844                           postdec1	equ	0x4E5
   845                           preinc1	equ	0x4E4
   846                           plusw1	equ	0x4E3
   847                           fsr1h	equ	0x4E2
   848                           fsr1l	equ	0x4E1
   849                           bsr	equ	0x4E0
   850                           indf2	equ	0x4DF
   851                           postinc2	equ	0x4DE
   852                           postdec2	equ	0x4DD
   853                           preinc2	equ	0x4DC
   854                           plusw2	equ	0x4DB
   855                           fsr2h	equ	0x4DA
   856                           fsr2l	equ	0x4D9
   857                           status	equ	0x4D8

Data Sizes:
    Strings     0
    Constant    0
    Data        6
    BSS         14
    Persistent  0
    Stack       0

Auto Spaces:
    Space          Size  Autos    Used
    COMRAM           95      6      26
    BANK5           160      0       0
    BANK6           256      0       0
    BANK7           256      0       0
    BANK8           256      0       0
    BANK9           256      0       0
    BANK10          256      0       0
    BANK11          256      0       0
    BANK12          256      0       0
    BANK13          256      0       0
    BANK14          256      0       0
    BANK15          256      0       0
    BANK16          256      0       0
    BANK17          256      0       0
    BANK18          256      0       0
    BANK19          256      0       0
    BANK20          256      0       0
    BANK21          256      0       0
    BANK22          256      0       0
    BANK23          256      0       0
    BANK24          256      0       0
    BANK25          256      0       0
    BANK26          256      0       0
    BANK27          256      0       0
    BANK28          256      0       0
    BANK29          256      0       0
    BANK30          256      0       0
    BANK31          256      0       0
    BANK32          256      0       0
    BANK33          256      0       0
    BANK34          256      0       0
    BANK35          256      0       0
    BANK36          256      0       0
    BANK37          256      0       0

Pointer List with Targets:

    None.

Critical Paths under _main in COMRAM

    _main->_UserAppRun

Critical Paths under _main in BANK5

    None.

Critical Paths under _main in BANK6

    None.

Critical Paths under _main in BANK7

    None.

Critical Paths under _main in BANK8

    None.

Critical Paths under _main in BANK9

    None.

Critical Paths under _main in BANK10

    None.

Critical Paths under _main in BANK11

    None.

Critical Paths under _main in BANK12

    None.

Critical Paths under _main in BANK13

    None.

Critical Paths under _main in BANK14

    None.

Critical Paths under _main in BANK15

    None.

Critical Paths under _main in BANK16

    None.

Critical Paths under _main in BANK17

    None.

Critical Paths under _main in BANK18

    None.

Critical Paths under _main in BANK19

    None.

Critical Paths under _main in BANK20

    None.

Critical Paths under _main in BANK21

    None.

Critical Paths under _main in BANK22

    None.

Critical Paths under _main in BANK23

    None.

Critical Paths under _main in BANK24

    None.

Critical Paths under _main in BANK25

    None.

Critical Paths under _main in BANK26

    None.

Critical Paths under _main in BANK27

    None.

Critical Paths under _main in BANK28

    None.

Critical Paths under _main in BANK29

    None.

Critical Paths under _main in BANK30

    None.

Critical Paths under _main in BANK31

    None.

Critical Paths under _main in BANK32

    None.

Critical Paths under _main in BANK33

    None.

Critical Paths under _main in BANK34

    None.

Critical Paths under _main in BANK35

    None.

Critical Paths under _main in BANK36

    None.

Critical Paths under _main in BANK37

    None.

Call Graph Tables:

 ---------------------------------------------------------------------------------
 (Depth) Function   	        Calls       Base Space   Used Autos Params    Refs
 ---------------------------------------------------------------------------------
 (0) _main                                                 0     0      0     135
                         _ClockSetup
                          _GpioSetup
                       _SysTickSetup
                        _SystemSleep
                            _TimeXus
                  _UserAppInitialize
                         _UserAppRun
 ---------------------------------------------------------------------------------
 (1) _UserAppRun                                           6     6      0      15
                                              0 COMRAM     6     6      0
 ---------------------------------------------------------------------------------
 (1) _UserAppInitialize                                    0     0      0       0
 ---------------------------------------------------------------------------------
 (1) _TimeXus                                              2     0      2     120
                                              0 COMRAM     2     0      2
 ---------------------------------------------------------------------------------
 (1) _SystemSleep                                          0     0      0       0
 ---------------------------------------------------------------------------------
 (1) _SysTickSetup                                         0     0      0       0
 ---------------------------------------------------------------------------------
 (1) _GpioSetup                                            0     0      0       0
 ---------------------------------------------------------------------------------
 (1) _ClockSetup                                           0     0      0       0
 ---------------------------------------------------------------------------------
 Estimated maximum stack depth 1
 ---------------------------------------------------------------------------------

 Call Graph Graphs:

 _main (ROOT)
   _ClockSetup
   _GpioSetup
   _SysTickSetup
   _SystemSleep
   _TimeXus
   _UserAppInitialize
   _UserAppRun

 Address spaces:
Name               Size   Autos  Total    Cost      Usage
BIGRAM            20FF      0       0      71        0.0%
EEDATA             400      0       0       0        0.0%
BITBANK37          100      0       0      70        0.0%
BANK37             100      0       0      68        0.0%
BITBANK36          100      0       0      66        0.0%
BANK36             100      0       0      67        0.0%
BITBANK35          100      0       0      64        0.0%
BANK35             100      0       0      65        0.0%
BITBANK34          100      0       0      62        0.0%
BANK34             100      0       0      63        0.0%
BITBANK33          100      0       0      60        0.0%
BANK33             100      0       0      61        0.0%
BITBANK32          100      0       0      58        0.0%
BANK32             100      0       0      59        0.0%
BITBANK31          100      0       0      56        0.0%
BANK31             100      0       0      57        0.0%
BITBANK30          100      0       0      54        0.0%
BANK30             100      0       0      55        0.0%
BITBANK29          100      0       0      52        0.0%
BANK29             100      0       0      53        0.0%
BITBANK28          100      0       0      50        0.0%
BANK28             100      0       0      51        0.0%
BITBANK27          100      0       0      48        0.0%
BANK27             100      0       0      49        0.0%
BITBANK26          100      0       0      46        0.0%
BANK26             100      0       0      47        0.0%
BITBANK25          100      0       0      44        0.0%
BANK25             100      0       0      45        0.0%
BITBANK24          100      0       0      42        0.0%
BANK24             100      0       0      43        0.0%
BITBANK23          100      0       0      40        0.0%
BANK23             100      0       0      41        0.0%
BITBANK22          100      0       0      38        0.0%
BANK22             100      0       0      39        0.0%
BITBANK21          100      0       0      36        0.0%
BANK21             100      0       0      37        0.0%
BITBANK20          100      0       0      34        0.0%
BANK20             100      0       0      35        0.0%
BITBANK19          100      0       0      32        0.0%
BANK19             100      0       0      33        0.0%
BITBANK18          100      0       0      30        0.0%
BANK18             100      0       0      31        0.0%
BITBANK17          100      0       0      28        0.0%
BANK17             100      0       0      29        0.0%
BITBANK16          100      0       0      26        0.0%
BANK16             100      0       0      27        0.0%
BITBANK15          100      0       0      24        0.0%
BANK15             100      0       0      25        0.0%
BITBANK14          100      0       0      22        0.0%
BANK14             100      0       0      23        0.0%
BITBANK13          100      0       0      20        0.0%
BANK13             100      0       0      21        0.0%
BITBANK12          100      0       0      18        0.0%
BANK12             100      0       0      19        0.0%
BITBANK11          100      0       0      16        0.0%
BANK11             100      0       0      17        0.0%
BITBANK10          100      0       0      14        0.0%
BANK10             100      0       0      15        0.0%
BITBANK9           100      0       0      12        0.0%
BANK9              100      0       0      13        0.0%
BITBANK8           100      0       0      10        0.0%
BANK8              100      0       0      11        0.0%
BITBANK7           100      0       0       8        0.0%
BANK7              100      0       0       9        0.0%
BITBANK6           100      0       0       6        0.0%
BANK6              100      0       0       7        0.0%
BITBANK5            A0      0       0       4        0.0%
BANK5               A0      0       0       5        0.0%
BITCOMRAM           5F      0       0       0        0.0%
COMRAM              5F      6      1A       1       27.4%
BITSFR_5             0      0       0     200        0.0%
SFR_5                0      0       0     200        0.0%
BITSFR_4             0      0       0     200        0.0%
SFR_4                0      0       0     200        0.0%
BITSFR_3             0      0       0     200        0.0%
SFR_3                0      0       0     200        0.0%
BITSFR_2             0      0       0     200        0.0%
SFR_2                0      0       0     200        0.0%
BITSFR_1             0      0       0     200        0.0%
SFR_1                0      0       0     200        0.0%
BITSFR               0      0       0     200        0.0%
SFR                  0      0       0     200        0.0%
STACK                0      0       0       2        0.0%
NULL                 0      0       0       0        0.0%
ABS                  0      0      1A      69        0.0%
DATA                 0      0      1A       3        0.0%
CODE                 0      0       0       0        0.0%


Microchip Technology PIC18 Macro Assembler V2.31 build 20201012212115 
Symbol Table                                                                                   Thu Mar 04 23:23:40 2021

     __size_of_SysTickSetup 0022                          l13 FEEA                          l22 FEEC  
                        l16 FF02                          l19 FF48                          l75 FF12  
                        l78 FF26                          l86 FFB6                          u11 FF86  
                        u20 FFB2                          u21 FFAE                          u40 FFF2  
                        u41 FFEE                         l812 FF28                         l820 FF22  
                       l822 FF24                         l814 FF14                         l830 FFC2  
                       l816 FF18                         l840 FFD4                         l832 FFC6  
                       l824 FFB8                         l762 FEF4                         l818 FF1C  
                       l770 FF8E                         l842 FFE0                         l834 FFCA  
                       l826 FFBA                         l772 FF9E                         l836 FFCE  
                       l828 FFBE                         l766 FF04                         l774 FFA0  
                       l846 FFF2                         l838 FFD0                         l776 FFB2  
                       l768 FF7C                         wreg 0004E8                        _LATA 0004BE  
                      _PIR3 0004B1                        _main FFB8                _SysTickSetup FF28  
                      indf2 0004DF                        fsr1l 0004E1                        fsr2l 0004D9  
                      start FFFC              TimeXus@u16Time 0515        __size_of_SystemSleep 0002  
              ___param_bank 000000                  _ClockSetup FEEA             __end_of_TimeXus FF28  
                     ?_main 0515                       _TMR0H 000319                       _TMR0L 000318  
                     _PORTA 0004CE                       _TRISA 0004C6                       tablat 0004F5  
                     plusw1 0004E3                       plusw2 0004DB                       status 0004D8  
           __initialization FF4A                __end_of_main FFFC                      ??_main 051B  
             __activetblptr 000000                      _ANSELA 000400                      _T0CON0 00031A  
                    _T0CON1 00031B          __size_of_GpioSetup 0010                   ??_TimeXus 0517  
               ?_ClockSetup 0515                      clear_0 FF70                __pdataCOMRAM 050F  
                    tblptrh 0004F7                      tblptrl 0004F6                      tblptru 0004F8  
                _UserAppRun FF7C                  __accesstop 0560     __end_of__initialization FF76  
             ___rparam_used 000001            _G_u8UserAppFlags 050E              __pcstackCOMRAM 0515  
         __end_of_GpioSetup FF04         __size_of_ClockSetup 0002                 ?_UserAppRun 0515  
             ??_SystemSleep 0515                     __Hparam 0000                     __Lparam 0000  
                   _TimeXus FF14                     __pcinit FF4A                     __ramtop 2600  
                   __ptext0 FFB8                     __ptext1 FF7C                     __ptext2 FF04  
                   __ptext3 FF14                     __ptext4 FEEC                     __ptext5 FF28  
                   __ptext6 FEF4                     __ptext7 FEEA        end_of_initialization FF76  
          _G_u32SystemFlags 0501                     postdec1 0004E5                     postinc0 0004EE  
       __end_of_SystemSleep FEEE                ??_ClockSetup 0515         __size_of_UserAppRun 003C  
        __end_of_ClockSetup FEEC               __pidataCOMRAM FEEE                   _GpioSetup FEF4  
       start_initialization FF4A               ?_SysTickSetup 0515                 _SystemSleep FEEC  
                ?_GpioSetup 0515                 __pbssCOMRAM 0501           _UserAppInitialize FF04  
              ??_UserAppRun 0515        UserAppRun@au8Pattern 0515          ?_UserAppInitialize 0515  
            ??_SysTickSetup 0515         ??_UserAppInitialize 0515                    ?_TimeXus 0515  
        __end_of_UserAppRun FFB8   __end_of_UserAppInitialize FF14                 ??_GpioSetup 0515  
                 copy_data0 FF5E                    __Hrparam 0000                    __Lrparam 0000  
          __size_of_TimeXus 0014         UserAppRun@u8Element 050D            UserAppRun@F15924 050F  
      __end_of_SysTickSetup FF4A  __size_of_UserAppInitialize 0010               __size_of_main 0044  
              ?_SystemSleep 0515          _G_u32SystemTime1ms 0509           _G_u32SystemTime1s 0505  
